TN:verilator_coverage
SF:src/auth_ctrl.v
DA:7,1227568
BRDA:7,0,0,446
BRDA:7,0,1,91833
BRDA:7,0,2,123361
BRDA:7,0,3,1227568
DA:8,57
BRDA:8,0,0,57
BRDA:8,0,1,5
BRDA:8,0,2,1
BRDA:8,0,3,2
DA:9,1926
BRDA:9,0,0,2
BRDA:9,0,1,1432
BRDA:9,0,2,1926
BRDA:9,0,3,1226
DA:11,40
BRDA:11,0,0,40
BRDA:11,0,1,6
BRDA:11,0,2,8
BRDA:11,0,3,2
DA:12,41
BRDA:12,0,0,41
BRDA:12,0,1,7
BRDA:12,0,2,9
BRDA:12,0,3,3
DA:13,22
BRDA:13,0,0,22
BRDA:13,0,1,4
BRDA:13,0,2,8
BRDA:13,0,3,2
DA:15,40
BRDA:15,0,0,40
BRDA:15,0,1,6
BRDA:15,0,2,8
BRDA:15,0,3,2
DA:16,34
BRDA:16,0,0,34
BRDA:16,0,1,14
BRDA:16,0,2,13
BRDA:16,0,3,8
DA:17,22
BRDA:17,0,0,22
BRDA:17,0,1,4
BRDA:17,0,2,4
BRDA:17,0,3,2
DA:18,18
BRDA:18,0,0,18
BRDA:18,0,1,4
BRDA:18,0,2,4
BRDA:18,0,3,2
DA:19,14
BRDA:19,0,0,14
BRDA:19,0,1,4
BRDA:19,0,2,2
BRDA:19,0,3,2
DA:20,22
BRDA:20,0,0,22
BRDA:20,0,1,4
BRDA:20,0,2,8
BRDA:20,0,3,2
DA:22,34
BRDA:22,0,0,34
BRDA:22,0,1,6
BRDA:22,0,2,8
BRDA:22,0,3,2
DA:23,14
BRDA:23,0,0,14
BRDA:23,0,1,4
BRDA:23,0,2,2
BRDA:23,0,3,2
DA:24,22
BRDA:24,0,0,22
BRDA:24,0,1,4
BRDA:24,0,2,8
BRDA:24,0,3,2
DA:25,26
BRDA:25,0,0,26
BRDA:25,0,1,4
BRDA:25,0,2,6
BRDA:25,0,3,2
DA:26,6
BRDA:26,0,0,6
BRDA:26,0,1,4
BRDA:26,0,2,2
BRDA:26,0,3,2
DA:27,22
BRDA:27,0,0,22
BRDA:27,0,1,4
BRDA:27,0,2,4
BRDA:27,0,3,2
DA:28,4
BRDA:28,0,0,2
BRDA:28,0,1,4
BRDA:28,0,2,2
BRDA:28,0,3,2
DA:29,20
BRDA:29,0,0,20
BRDA:29,0,1,0
BRDA:29,0,2,2
BRDA:29,0,3,0
DA:30,18
BRDA:30,0,0,0
BRDA:30,0,1,14
BRDA:30,0,2,18
BRDA:30,0,3,6
DA:32,30
BRDA:32,0,0,30
BRDA:32,0,1,6
BRDA:32,0,2,8
BRDA:32,0,3,2
DA:33,14
BRDA:33,0,0,14
BRDA:33,0,1,4
BRDA:33,0,2,2
BRDA:33,0,3,2
DA:35,0
BRDA:35,0,0,0
BRDA:35,0,1,0
BRDA:35,0,2,0
BRDA:35,0,3,0
DA:38,0
BRDA:38,0,0,0
BRDA:38,0,1,0
BRDA:38,0,2,0
BRDA:38,0,3,0
DA:39,0
BRDA:39,0,0,0
BRDA:39,0,1,0
BRDA:39,0,2,0
BRDA:39,0,3,0
DA:40,0
BRDA:40,0,0,0
BRDA:40,0,1,0
BRDA:40,0,2,0
BRDA:40,0,3,0
DA:41,0
BRDA:41,0,0,0
BRDA:41,0,1,0
BRDA:41,0,2,0
BRDA:41,0,3,0
DA:42,0
BRDA:42,0,0,0
BRDA:42,0,1,0
BRDA:42,0,2,0
BRDA:42,0,3,0
DA:43,0
BRDA:43,0,0,0
BRDA:43,0,1,0
BRDA:43,0,2,0
BRDA:43,0,3,0
DA:45,0
BRDA:45,0,0,0
BRDA:45,0,1,0
BRDA:45,0,2,0
BRDA:45,0,3,0
BRDA:45,0,4,0
BRDA:45,0,5,0
BRDA:45,0,6,0
BRDA:45,0,7,0
DA:46,0
BRDA:46,0,0,0
BRDA:46,0,1,0
BRDA:46,0,2,0
BRDA:46,0,3,0
DA:63,112
BRDA:63,0,0,112
BRDA:63,0,1,66
BRDA:63,0,2,26
BRDA:63,0,3,26
BRDA:63,0,4,24
BRDA:63,0,5,14
BRDA:63,0,6,4
BRDA:63,0,7,4
BRDA:63,0,8,24
BRDA:63,0,9,16
BRDA:63,0,10,6
BRDA:63,0,11,8
BRDA:63,0,12,10
BRDA:63,0,13,6
BRDA:63,0,14,2
BRDA:63,0,15,2
DA:64,40
BRDA:64,0,0,40
BRDA:64,0,1,6
BRDA:64,0,2,8
BRDA:64,0,3,2
DA:65,656
BRDA:65,0,0,2
BRDA:65,0,1,2
BRDA:65,0,2,560
BRDA:65,0,3,280
BRDA:65,0,4,140
BRDA:65,0,5,68
BRDA:65,0,6,36
BRDA:65,0,7,16
BRDA:65,0,8,8
BRDA:65,0,9,4
BRDA:65,0,10,4
BRDA:65,0,11,656
BRDA:65,0,12,328
BRDA:65,0,13,162
BRDA:65,0,14,82
BRDA:65,0,15,42
BRDA:65,0,16,22
BRDA:65,0,17,8
BRDA:65,0,18,4
BRDA:65,0,19,2
BRDA:65,0,20,42
BRDA:65,0,21,0
BRDA:65,0,22,0
BRDA:65,0,23,0
BRDA:65,0,24,22
BRDA:65,0,25,10
BRDA:65,0,26,6
BRDA:65,0,27,2
BRDA:65,0,28,2
BRDA:65,0,29,0
BRDA:65,0,30,0
BRDA:65,0,31,0
BRDA:65,0,32,0
DA:66,2
BRDA:66,0,0,2
BRDA:66,0,1,0
BRDA:66,0,2,2
BRDA:66,0,3,0
DA:68,10
BRDA:68,0,0,0
BRDA:68,0,1,6
BRDA:68,0,2,10
BRDA:68,0,3,2
DA:89,613785
BRDA:89,0,0,251
BRDA:89,0,1,45919
BRDA:89,0,2,61681
BRDA:89,0,3,613785
DA:90,613778
BRDA:90,0,0,192
BRDA:90,0,1,59
BRDA:90,0,2,45904
BRDA:90,0,3,15
BRDA:90,0,4,61675
BRDA:90,0,5,6
BRDA:90,0,6,613778
BRDA:90,0,7,7
DA:91,59
BRDA:91,0,0,59
BRDA:91,0,1,15
BRDA:91,0,2,6
BRDA:91,0,3,7
DA:92,59
BRDA:92,0,0,59
BRDA:92,0,1,15
BRDA:92,0,2,6
BRDA:92,0,3,7
DA:93,59
BRDA:93,0,0,59
BRDA:93,0,1,15
BRDA:93,0,2,6
BRDA:93,0,3,7
DA:94,613778
BRDA:94,0,0,192
BRDA:94,0,1,45904
BRDA:94,0,2,61675
BRDA:94,0,3,613778
DA:95,20
BRDA:95,0,0,20
BRDA:95,0,1,3
BRDA:95,0,2,4
BRDA:95,0,3,1
DA:96,20
BRDA:96,0,0,20
BRDA:96,0,1,3
BRDA:96,0,2,4
BRDA:96,0,3,1
DA:97,20
BRDA:97,0,0,20
BRDA:97,0,1,3
BRDA:97,0,2,4
BRDA:97,0,3,1
DA:98,613735
BRDA:98,0,0,3
BRDA:98,0,1,169
BRDA:98,0,2,558
BRDA:98,0,3,45343
BRDA:98,0,4,654
BRDA:98,0,5,61017
BRDA:98,0,6,42
BRDA:98,0,7,613735
DA:99,653
BRDA:99,0,0,2
BRDA:99,0,1,1
BRDA:99,0,2,558
BRDA:99,0,3,0
BRDA:99,0,4,653
BRDA:99,0,5,1
BRDA:99,0,6,42
BRDA:99,0,7,0
DA:100,653
BRDA:100,0,0,2
BRDA:100,0,1,558
BRDA:100,0,2,653
BRDA:100,0,3,42
DA:103,1
BRDA:103,0,0,1
BRDA:103,0,1,0
BRDA:103,0,2,1
BRDA:103,0,3,0
DA:104,1
BRDA:104,0,0,1
BRDA:104,0,1,0
BRDA:104,0,2,1
BRDA:104,0,3,0
DA:105,613778
BRDA:105,0,0,10
BRDA:105,0,1,181
BRDA:105,0,2,0
BRDA:105,0,3,45904
BRDA:105,0,4,2
BRDA:105,0,5,61672
BRDA:105,0,6,0
BRDA:105,0,7,613778
DA:106,10
BRDA:106,0,0,10
BRDA:106,0,1,0
BRDA:106,0,2,2
BRDA:106,0,3,0
DA:107,10
BRDA:107,0,0,10
BRDA:107,0,1,0
BRDA:107,0,2,2
BRDA:107,0,3,0
DA:108,613778
BRDA:108,0,0,181
BRDA:108,0,1,45904
BRDA:108,0,2,61672
BRDA:108,0,3,613778
DA:109,613778
BRDA:109,0,0,181
BRDA:109,0,1,45904
BRDA:109,0,2,61672
BRDA:109,0,3,613778
DA:110,571019
BRDA:110,0,0,88
BRDA:110,0,1,10095
BRDA:110,0,2,19752
BRDA:110,0,3,571019
DA:111,571018
BRDA:111,0,0,20
BRDA:111,0,1,68
BRDA:111,0,2,3
BRDA:111,0,3,10092
BRDA:111,0,4,4
BRDA:111,0,5,19748
BRDA:111,0,6,1
BRDA:111,0,7,571018
DA:112,20
BRDA:112,0,0,20
BRDA:112,0,1,3
BRDA:112,0,2,4
BRDA:112,0,3,1
DA:115,17
BRDA:115,0,0,17
BRDA:115,0,1,3
BRDA:115,0,2,4
BRDA:115,0,3,1
DA:116,17
BRDA:116,0,0,17
BRDA:116,0,1,0
BRDA:116,0,2,3
BRDA:116,0,3,0
BRDA:116,0,4,4
BRDA:116,0,5,0
BRDA:116,0,6,1
BRDA:116,0,7,0
DA:117,17
BRDA:117,0,0,17
BRDA:117,0,1,3
BRDA:117,0,2,4
BRDA:117,0,3,1
DA:118,15
BRDA:118,0,0,15
BRDA:118,0,1,3
BRDA:118,0,2,4
BRDA:118,0,3,1
DA:119,15
BRDA:119,0,0,15
BRDA:119,0,1,3
BRDA:119,0,2,4
BRDA:119,0,3,1
DA:120,25016
BRDA:120,0,0,13
BRDA:120,0,1,321
BRDA:120,0,2,19554
BRDA:120,0,3,25016
DA:121,25015
BRDA:121,0,0,13
BRDA:121,0,1,0
BRDA:121,0,2,2
BRDA:121,0,3,319
BRDA:121,0,4,3
BRDA:121,0,5,19551
BRDA:121,0,6,1
BRDA:121,0,7,25015
DA:122,13
BRDA:122,0,0,13
BRDA:122,0,1,2
BRDA:122,0,2,3
BRDA:122,0,3,1
DA:123,9215
BRDA:123,0,0,11
BRDA:123,0,1,7720
BRDA:123,0,2,9215
BRDA:123,0,3,3860
DA:124,9213
BRDA:124,0,0,11
BRDA:124,0,1,0
BRDA:124,0,2,2
BRDA:124,0,3,7718
BRDA:124,0,4,2
BRDA:124,0,5,9213
BRDA:124,0,6,1
BRDA:124,0,7,3859
DA:125,11
BRDA:125,0,0,11
BRDA:125,0,1,2
BRDA:125,0,2,2
BRDA:125,0,3,1
DA:126,9
BRDA:126,0,0,9
BRDA:126,0,1,2
BRDA:126,0,2,2
BRDA:126,0,3,1
DA:127,9
BRDA:127,0,0,9
BRDA:127,0,1,0
BRDA:127,0,2,2
BRDA:127,0,3,0
BRDA:127,0,4,2
BRDA:127,0,5,0
BRDA:127,0,6,1
BRDA:127,0,7,0
DA:128,9
BRDA:128,0,0,9
BRDA:128,0,1,2
BRDA:128,0,2,2
BRDA:128,0,3,1
DA:129,18690
BRDA:129,0,0,7
BRDA:129,0,1,18690
BRDA:129,0,2,9379
BRDA:129,0,3,9345
DA:130,18688
BRDA:130,0,0,7
BRDA:130,0,1,0
BRDA:130,0,2,2
BRDA:130,0,3,18688
BRDA:130,0,4,1
BRDA:130,0,5,9378
BRDA:130,0,6,1
BRDA:130,0,7,9344
DA:131,7
BRDA:131,0,0,7
BRDA:131,0,1,2
BRDA:131,0,2,1
BRDA:131,0,3,1
DA:132,5
BRDA:132,0,0,5
BRDA:132,0,1,2
BRDA:132,0,2,1
BRDA:132,0,3,1
DA:133,5
BRDA:133,0,0,5
BRDA:133,0,1,2
BRDA:133,0,2,1
BRDA:133,0,3,1
DA:134,1346
BRDA:134,0,0,3
BRDA:134,0,1,1346
BRDA:134,0,2,669
BRDA:134,0,3,673
DA:135,1344
BRDA:135,0,0,3
BRDA:135,0,1,0
BRDA:135,0,2,2
BRDA:135,0,3,1344
BRDA:135,0,4,1
BRDA:135,0,5,668
BRDA:135,0,6,1
BRDA:135,0,7,672
DA:136,3
BRDA:136,0,0,3
BRDA:136,0,1,2
BRDA:136,0,2,1
BRDA:136,0,3,1
DA:137,7720
BRDA:137,0,0,2
BRDA:137,0,1,7720
BRDA:137,0,2,3088
BRDA:137,0,3,3860
DA:138,7718
BRDA:138,0,0,0
BRDA:138,0,1,2
BRDA:138,0,2,2
BRDA:138,0,3,7718
BRDA:138,0,4,1
BRDA:138,0,5,3087
BRDA:138,0,6,1
BRDA:138,0,7,3859
DA:139,2
BRDA:139,0,0,0
BRDA:139,0,1,2
BRDA:139,0,2,1
BRDA:139,0,3,1
DA:140,11
BRDA:140,0,0,11
BRDA:140,0,1,2
BRDA:140,0,2,4
BRDA:140,0,3,1
DA:141,11
BRDA:141,0,0,11
BRDA:141,0,1,2
BRDA:141,0,2,4
BRDA:141,0,3,1
DA:142,11
BRDA:142,0,0,11
BRDA:142,0,1,2
BRDA:142,0,2,4
BRDA:142,0,3,1
DA:143,11
BRDA:143,0,0,11
BRDA:143,0,1,2
BRDA:143,0,2,4
BRDA:143,0,3,1
DA:145,0
BRDA:145,0,0,0
BRDA:145,0,1,0
BRDA:145,0,2,0
BRDA:145,0,3,0
DA:146,0
BRDA:146,0,0,0
BRDA:146,0,1,0
BRDA:146,0,2,0
BRDA:146,0,3,0
BRF:453
BRH:366
end_of_record
SF:src/buzzer.v
DA:8,1227568
BRDA:8,0,0,22
BRDA:8,0,1,22
BRDA:8,0,2,22
BRDA:8,0,3,22
BRDA:8,0,4,91833
BRDA:8,0,5,123361
BRDA:8,0,6,1227568
DA:9,5
BRDA:9,0,0,2
BRDA:9,0,1,2
BRDA:9,0,2,2
BRDA:9,0,3,2
BRDA:9,0,4,5
BRDA:9,0,5,1
BRDA:9,0,6,2
DA:10,1926
BRDA:10,0,0,2
BRDA:10,0,1,2
BRDA:10,0,2,2
BRDA:10,0,3,2
BRDA:10,0,4,1432
BRDA:10,0,5,1926
BRDA:10,0,6,1226
DA:11,7708
BRDA:11,0,0,6
BRDA:11,0,1,6
BRDA:11,0,2,6
BRDA:11,0,3,6
BRDA:11,0,4,5736
BRDA:11,0,5,7708
BRDA:11,0,6,4910
DA:12,60
BRDA:12,0,0,2
BRDA:12,0,1,2
BRDA:12,0,2,2
BRDA:12,0,3,2
BRDA:12,0,4,56
BRDA:12,0,5,60
BRDA:12,0,6,16
DA:13,1528
BRDA:13,0,0,4
BRDA:13,0,1,4
BRDA:13,0,2,2
BRDA:13,0,3,2
BRDA:13,0,4,190
BRDA:13,0,5,64
BRDA:13,0,6,1528
DA:14,60
BRDA:14,0,0,2
BRDA:14,0,1,2
BRDA:14,0,2,2
BRDA:14,0,3,2
BRDA:14,0,4,56
BRDA:14,0,5,60
BRDA:14,0,6,16
DA:16,0
BRDA:16,0,0,0
BRDA:16,0,1,0
BRDA:16,0,2,0
BRDA:16,0,3,0
BRDA:16,0,4,0
BRDA:16,0,5,0
BRDA:16,0,6,0
DA:19,0
BRDA:19,0,0,0
BRDA:19,0,1,0
BRDA:19,0,2,0
BRDA:19,0,3,0
BRDA:19,0,4,0
BRDA:19,0,5,0
BRDA:19,0,6,0
DA:20,0
BRDA:20,0,0,0
BRDA:20,0,1,0
BRDA:20,0,2,0
BRDA:20,0,3,0
BRDA:20,0,4,0
BRDA:20,0,5,0
BRDA:20,0,6,0
DA:21,0
BRDA:21,0,0,0
BRDA:21,0,1,0
BRDA:21,0,2,0
BRDA:21,0,3,0
BRDA:21,0,4,0
BRDA:21,0,5,0
BRDA:21,0,6,0
DA:22,0
BRDA:22,0,0,0
BRDA:22,0,1,0
BRDA:22,0,2,0
BRDA:22,0,3,0
BRDA:22,0,4,0
BRDA:22,0,5,0
BRDA:22,0,6,0
DA:23,0
BRDA:23,0,0,0
BRDA:23,0,1,0
BRDA:23,0,2,0
BRDA:23,0,3,0
BRDA:23,0,4,0
BRDA:23,0,5,0
BRDA:23,0,6,0
DA:24,0
BRDA:24,0,0,0
BRDA:24,0,1,0
BRDA:24,0,2,0
BRDA:24,0,3,0
BRDA:24,0,4,0
BRDA:24,0,5,0
BRDA:24,0,6,0
DA:26,0
BRDA:26,0,0,0
BRDA:26,0,1,0
BRDA:26,0,2,0
BRDA:26,0,3,0
BRDA:26,0,4,0
BRDA:26,0,5,0
BRDA:26,0,6,0
BRDA:26,0,7,0
BRDA:26,0,8,0
BRDA:26,0,9,0
BRDA:26,0,10,0
BRDA:26,0,11,0
BRDA:26,0,12,0
BRDA:26,0,13,0
DA:27,0
BRDA:27,0,0,0
BRDA:27,0,1,0
BRDA:27,0,2,0
BRDA:27,0,3,0
BRDA:27,0,4,0
BRDA:27,0,5,0
BRDA:27,0,6,0
DA:35,386
BRDA:35,0,0,0
BRDA:35,0,1,2
BRDA:35,0,2,0
BRDA:35,0,3,0
BRDA:35,0,4,2
BRDA:35,0,5,0
BRDA:35,0,6,0
BRDA:35,0,7,2
BRDA:35,0,8,0
BRDA:35,0,9,0
BRDA:35,0,10,56
BRDA:35,0,11,0
BRDA:35,0,12,386
BRDA:35,0,13,186
BRDA:35,0,14,92
BRDA:35,0,15,46
BRDA:35,0,16,30
BRDA:35,0,17,16
DA:36,4
BRDA:36,0,0,0
BRDA:36,0,1,0
BRDA:36,0,2,4
BRDA:36,0,3,2
BRDA:36,0,4,2
BRDA:36,0,5,0
BRDA:36,0,6,0
BRDA:36,0,7,0
DA:37,1528
BRDA:37,0,0,4
BRDA:37,0,1,4
BRDA:37,0,2,2
BRDA:37,0,3,2
BRDA:37,0,4,190
BRDA:37,0,5,64
BRDA:37,0,6,1528
DA:48,613785
BRDA:48,0,0,12
BRDA:48,0,1,12
BRDA:48,0,2,12
BRDA:48,0,3,12
BRDA:48,0,4,45919
BRDA:48,0,5,61681
BRDA:48,0,6,613785
DA:49,15
BRDA:49,0,0,3
BRDA:49,0,1,3
BRDA:49,0,2,3
BRDA:49,0,3,3
BRDA:49,0,4,15
BRDA:49,0,5,6
BRDA:49,0,6,7
DA:50,15
BRDA:50,0,0,3
BRDA:50,0,1,3
BRDA:50,0,2,3
BRDA:50,0,3,3
BRDA:50,0,4,15
BRDA:50,0,5,6
BRDA:50,0,6,7
DA:51,15
BRDA:51,0,0,3
BRDA:51,0,1,3
BRDA:51,0,2,3
BRDA:51,0,3,3
BRDA:51,0,4,15
BRDA:51,0,5,6
BRDA:51,0,6,7
DA:52,15
BRDA:52,0,0,3
BRDA:52,0,1,3
BRDA:52,0,2,3
BRDA:52,0,3,3
BRDA:52,0,4,15
BRDA:52,0,5,6
BRDA:52,0,6,7
DA:53,15
BRDA:53,0,0,3
BRDA:53,0,1,3
BRDA:53,0,2,3
BRDA:53,0,3,3
BRDA:53,0,4,15
BRDA:53,0,5,6
BRDA:53,0,6,7
DA:54,382769
BRDA:54,0,0,1
BRDA:54,0,1,1
BRDA:54,0,2,1
BRDA:54,0,3,1
BRDA:54,0,4,8
BRDA:54,0,5,8
BRDA:54,0,6,8
BRDA:54,0,7,8
BRDA:54,0,8,42759
BRDA:54,0,9,3145
BRDA:54,0,10,60489
BRDA:54,0,11,1186
BRDA:54,0,12,231009
BRDA:54,0,13,382769
DA:55,231009
BRDA:55,0,0,1
BRDA:55,0,1,1
BRDA:55,0,2,1
BRDA:55,0,3,1
BRDA:55,0,4,42759
BRDA:55,0,5,60489
BRDA:55,0,6,231009
DA:56,231009
BRDA:56,0,0,1
BRDA:56,0,1,1
BRDA:56,0,2,1
BRDA:56,0,3,1
BRDA:56,0,4,42759
BRDA:56,0,5,60489
BRDA:56,0,6,231009
DA:57,231009
BRDA:57,0,0,1
BRDA:57,0,1,1
BRDA:57,0,2,1
BRDA:57,0,3,1
BRDA:57,0,4,42759
BRDA:57,0,5,60489
BRDA:57,0,6,231009
DA:58,231001
BRDA:58,0,0,1
BRDA:58,0,1,1
BRDA:58,0,2,1
BRDA:58,0,3,1
BRDA:58,0,4,0
BRDA:58,0,5,0
BRDA:58,0,6,0
BRDA:58,0,7,0
BRDA:58,0,8,28
BRDA:58,0,9,42731
BRDA:58,0,10,30
BRDA:58,0,11,60459
BRDA:58,0,12,8
BRDA:58,0,13,231001
DA:59,30
BRDA:59,0,0,1
BRDA:59,0,1,1
BRDA:59,0,2,1
BRDA:59,0,3,1
BRDA:59,0,4,28
BRDA:59,0,5,30
BRDA:59,0,6,8
DA:60,382769
BRDA:60,0,0,8
BRDA:60,0,1,8
BRDA:60,0,2,8
BRDA:60,0,3,8
BRDA:60,0,4,3145
BRDA:60,0,5,1186
BRDA:60,0,6,382769
DA:62,382384
BRDA:62,0,0,1
BRDA:62,0,1,1
BRDA:62,0,2,1
BRDA:62,0,3,1
BRDA:62,0,4,7
BRDA:62,0,5,7
BRDA:62,0,6,7
BRDA:62,0,7,7
BRDA:62,0,8,55
BRDA:62,0,9,3090
BRDA:62,0,10,30
BRDA:62,0,11,1156
BRDA:62,0,12,385
BRDA:62,0,13,382384
DA:63,378
BRDA:63,0,0,1
BRDA:63,0,1,0
BRDA:63,0,2,0
BRDA:63,0,3,0
BRDA:63,0,4,0
BRDA:63,0,5,1
BRDA:63,0,6,1
BRDA:63,0,7,1
BRDA:63,0,8,27
BRDA:63,0,9,28
BRDA:63,0,10,30
BRDA:63,0,11,0
BRDA:63,0,12,7
BRDA:63,0,13,378
DA:64,30
BRDA:64,0,0,1
BRDA:64,0,1,0
BRDA:64,0,2,0
BRDA:64,0,3,0
BRDA:64,0,4,27
BRDA:64,0,5,30
BRDA:64,0,6,7
DA:65,30
BRDA:65,0,0,1
BRDA:65,0,1,0
BRDA:65,0,2,0
BRDA:65,0,3,0
BRDA:65,0,4,27
BRDA:65,0,5,30
BRDA:65,0,6,7
DA:66,30
BRDA:66,0,0,1
BRDA:66,0,1,0
BRDA:66,0,2,0
BRDA:66,0,3,0
BRDA:66,0,4,27
BRDA:66,0,5,30
BRDA:66,0,6,7
DA:67,30
BRDA:67,0,0,1
BRDA:67,0,1,0
BRDA:67,0,2,0
BRDA:67,0,3,0
BRDA:67,0,4,27
BRDA:67,0,5,30
BRDA:67,0,6,7
DA:68,378
BRDA:68,0,0,0
BRDA:68,0,1,1
BRDA:68,0,2,1
BRDA:68,0,3,1
BRDA:68,0,4,28
BRDA:68,0,5,0
BRDA:68,0,6,378
DA:69,378
BRDA:69,0,0,0
BRDA:69,0,1,1
BRDA:69,0,2,1
BRDA:69,0,3,1
BRDA:69,0,4,28
BRDA:69,0,5,0
BRDA:69,0,6,378
DA:72,381245
BRDA:72,0,0,3
BRDA:72,0,1,3
BRDA:72,0,2,3
BRDA:72,0,3,3
BRDA:72,0,4,5
BRDA:72,0,5,5
BRDA:72,0,6,5
BRDA:72,0,7,5
BRDA:72,0,8,171
BRDA:72,0,9,2974
BRDA:72,0,10,46
BRDA:72,0,11,1140
BRDA:72,0,12,1524
BRDA:72,0,13,381245
DA:73,1524
BRDA:73,0,0,3
BRDA:73,0,1,3
BRDA:73,0,2,1
BRDA:73,0,3,1
BRDA:73,0,4,0
BRDA:73,0,5,0
BRDA:73,0,6,2
BRDA:73,0,7,2
BRDA:73,0,8,171
BRDA:73,0,9,0
BRDA:73,0,10,46
BRDA:73,0,11,0
BRDA:73,0,12,1524
BRDA:73,0,13,0
DA:74,1524
BRDA:74,0,0,3
BRDA:74,0,1,3
BRDA:74,0,2,1
BRDA:74,0,3,1
BRDA:74,0,4,171
BRDA:74,0,5,46
BRDA:74,0,6,1524
DA:75,1524
BRDA:75,0,0,3
BRDA:75,0,1,3
BRDA:75,0,2,1
BRDA:75,0,3,1
BRDA:75,0,4,171
BRDA:75,0,5,46
BRDA:75,0,6,1524
DA:76,2
BRDA:76,0,0,0
BRDA:76,0,1,0
BRDA:76,0,2,2
BRDA:76,0,3,2
BRDA:76,0,4,0
BRDA:76,0,5,0
BRDA:76,0,6,0
DA:77,2
BRDA:77,0,0,0
BRDA:77,0,1,0
BRDA:77,0,2,2
BRDA:77,0,3,2
BRDA:77,0,4,0
BRDA:77,0,5,0
BRDA:77,0,6,0
BRF:383
BRH:260
end_of_record
SF:src/kb.v
DA:8,1227568
BRDA:8,0,0,91833
BRDA:8,0,1,123361
BRDA:8,0,2,146138
BRDA:8,0,3,1227568
DA:9,5
BRDA:9,0,0,5
BRDA:9,0,1,1
BRDA:9,0,2,1
BRDA:9,0,3,2
DA:10,5
BRDA:10,0,0,5
BRDA:10,0,1,1
BRDA:10,0,2,3
BRDA:10,0,3,2
DA:11,650
BRDA:11,0,0,12
BRDA:11,0,1,14
BRDA:11,0,2,650
BRDA:11,0,3,4
DA:12,24136
BRDA:12,0,0,5736
BRDA:12,0,1,7708
BRDA:12,0,2,24136
BRDA:12,0,3,4910
DA:13,1511
BRDA:13,0,0,37
BRDA:13,0,1,39
BRDA:13,0,2,31
BRDA:13,0,3,1
BRDA:13,0,4,89
BRDA:13,0,5,49
BRDA:13,0,6,35
BRDA:13,0,7,1
BRDA:13,0,8,1491
BRDA:13,0,9,1481
BRDA:13,0,10,1511
BRDA:13,0,11,1491
BRDA:13,0,12,137
BRDA:13,0,13,137
BRDA:13,0,14,93
BRDA:13,0,15,1
DA:14,6684
BRDA:14,0,0,1441
BRDA:14,0,1,1436
BRDA:14,0,2,1436
BRDA:14,0,3,1432
BRDA:14,0,4,1934
BRDA:14,0,5,1930
BRDA:14,0,6,1928
BRDA:14,0,7,1925
BRDA:14,0,8,6684
BRDA:14,0,9,6034
BRDA:14,0,10,6034
BRDA:14,0,11,6034
BRDA:14,0,12,1232
BRDA:14,0,13,1228
BRDA:14,0,14,1228
BRDA:14,0,15,1228
DA:15,61
BRDA:15,0,0,58
BRDA:15,0,1,61
BRDA:15,0,2,40
BRDA:15,0,3,16
DA:16,42
BRDA:16,0,0,9
BRDA:16,0,1,10
BRDA:16,0,2,42
BRDA:16,0,3,4
DA:17,25
BRDA:17,0,0,22
BRDA:17,0,1,14
BRDA:17,0,2,14
BRDA:17,0,3,0
BRDA:17,0,4,20
BRDA:17,0,5,16
BRDA:17,0,6,18
BRDA:17,0,7,2
BRDA:17,0,8,19
BRDA:17,0,9,25
BRDA:17,0,10,22
BRDA:17,0,11,18
BRDA:17,0,12,6
BRDA:17,0,13,4
BRDA:17,0,14,4
BRDA:17,0,15,0
DA:19,0
BRDA:19,0,0,0
BRDA:19,0,1,0
BRDA:19,0,2,0
BRDA:19,0,3,0
DA:22,0
BRDA:22,0,0,0
BRDA:22,0,1,0
BRDA:22,0,2,0
BRDA:22,0,3,0
DA:23,0
BRDA:23,0,0,0
BRDA:23,0,1,0
BRDA:23,0,2,0
BRDA:23,0,3,0
DA:24,0
BRDA:24,0,0,0
BRDA:24,0,1,0
BRDA:24,0,2,0
BRDA:24,0,3,0
DA:25,0
BRDA:25,0,0,0
BRDA:25,0,1,0
BRDA:25,0,2,0
BRDA:25,0,3,0
DA:26,0
BRDA:26,0,0,0
BRDA:26,0,1,0
BRDA:26,0,2,0
BRDA:26,0,3,0
DA:27,0
BRDA:27,0,0,0
BRDA:27,0,1,0
BRDA:27,0,2,0
BRDA:27,0,3,0
DA:29,0
BRDA:29,0,0,0
BRDA:29,0,1,0
BRDA:29,0,2,0
BRDA:29,0,3,0
BRDA:29,0,4,0
BRDA:29,0,5,0
BRDA:29,0,6,0
BRDA:29,0,7,0
DA:30,0
BRDA:30,0,0,0
BRDA:30,0,1,0
BRDA:30,0,2,0
BRDA:30,0,3,0
DA:34,1
BRDA:34,0,0,1
BRDA:34,0,1,1
BRDA:34,0,2,1
BRDA:34,0,3,1
DA:37,1
BRDA:37,0,0,1
BRDA:37,0,1,1
BRDA:37,0,2,1
BRDA:37,0,3,1
DA:38,1
BRDA:38,0,0,1
BRDA:38,0,1,1
BRDA:38,0,2,1
BRDA:38,0,3,1
DA:39,1
BRDA:39,0,0,1
BRDA:39,0,1,1
BRDA:39,0,2,1
BRDA:39,0,3,1
DA:40,1
BRDA:40,0,0,1
BRDA:40,0,1,1
BRDA:40,0,2,1
BRDA:40,0,3,1
DA:44,613786
BRDA:44,0,0,45920
BRDA:44,0,1,61682
BRDA:44,0,2,73070
BRDA:44,0,3,613786
DA:46,613786
BRDA:46,0,0,45920
BRDA:46,0,1,61682
BRDA:46,0,2,73070
BRDA:46,0,3,613786
DA:47,16443
BRDA:47,0,0,275
BRDA:47,0,1,582
BRDA:47,0,2,3730
BRDA:47,0,3,16443
DA:48,16434
BRDA:48,0,0,274
BRDA:48,0,1,304
BRDA:48,0,2,2735
BRDA:48,0,3,16434
DA:49,10956
BRDA:49,0,0,189
BRDA:49,0,1,222
BRDA:49,0,2,1855
BRDA:49,0,3,10956
DA:50,569953
BRDA:50,0,0,0
BRDA:50,0,1,45182
BRDA:50,0,2,0
BRDA:50,0,3,60574
BRDA:50,0,4,845
BRDA:50,0,5,63905
BRDA:50,0,6,0
BRDA:50,0,7,569953
DA:51,569953
BRDA:51,0,0,45182
BRDA:51,0,1,60574
BRDA:51,0,2,63905
BRDA:51,0,3,569953
DA:61,12068
BRDA:61,0,0,2870
BRDA:61,0,1,1436
BRDA:61,0,2,3855
BRDA:61,0,3,1927
BRDA:61,0,4,12068
BRDA:61,0,5,6034
BRDA:61,0,6,2456
BRDA:61,0,7,1228
DA:62,24785
BRDA:62,0,0,5744
BRDA:62,0,1,7716
BRDA:62,0,2,24785
BRDA:62,0,3,4915
DA:63,1480
BRDA:63,0,0,102
BRDA:63,0,1,0
BRDA:63,0,2,114
BRDA:63,0,3,10
BRDA:63,0,4,756
BRDA:63,0,5,1480
BRDA:63,0,6,352
BRDA:63,0,7,0
DA:64,396
BRDA:64,0,0,38
BRDA:64,0,1,30
BRDA:64,0,2,24
BRDA:64,0,3,0
BRDA:64,0,4,36
BRDA:64,0,5,26
BRDA:64,0,6,26
BRDA:64,0,7,0
BRDA:64,0,8,364
BRDA:64,0,9,396
BRDA:64,0,10,254
BRDA:64,0,11,132
BRDA:64,0,12,132
BRDA:64,0,13,88
BRDA:64,0,14,88
BRDA:64,0,15,0
DA:66,687
BRDA:66,0,0,64
BRDA:66,0,1,70
BRDA:66,0,2,687
BRDA:66,0,3,20
DA:67,652
BRDA:67,0,0,58
BRDA:67,0,1,70
BRDA:67,0,2,652
BRDA:67,0,3,16
DA:68,64
BRDA:68,0,0,58
BRDA:68,0,1,64
BRDA:68,0,2,48
BRDA:68,0,3,16
DA:69,606
BRDA:69,0,0,0
BRDA:69,0,1,8
BRDA:69,0,2,606
BRDA:69,0,3,0
DA:70,656
BRDA:70,0,0,58
BRDA:70,0,1,69
BRDA:70,0,2,656
BRDA:70,0,3,16
DA:71,1394
BRDA:71,0,0,0
BRDA:71,0,1,0
BRDA:71,0,2,1394
BRDA:71,0,3,1392
BRDA:71,0,4,520
BRDA:71,0,5,260
BRDA:71,0,6,104
BRDA:71,0,7,52
BRDA:71,0,8,52
DA:73,1511
BRDA:73,0,0,41
BRDA:73,0,1,43
BRDA:73,0,2,35
BRDA:73,0,3,5
BRDA:73,0,4,85
BRDA:73,0,5,49
BRDA:73,0,6,35
BRDA:73,0,7,1
BRDA:73,0,8,1491
BRDA:73,0,9,1481
BRDA:73,0,10,1511
BRDA:73,0,11,1491
BRDA:73,0,12,138
BRDA:73,0,13,138
BRDA:73,0,14,94
BRDA:73,0,15,2
DA:74,1512
BRDA:74,0,0,42
BRDA:74,0,1,44
BRDA:74,0,2,36
BRDA:74,0,3,6
BRDA:74,0,4,86
BRDA:74,0,5,50
BRDA:74,0,6,36
BRDA:74,0,7,2
BRDA:74,0,8,1492
BRDA:74,0,9,1482
BRDA:74,0,10,1512
BRDA:74,0,11,1492
BRDA:74,0,12,139
BRDA:74,0,13,139
BRDA:74,0,14,95
BRDA:74,0,15,3
DA:75,2308
BRDA:75,0,0,104
BRDA:75,0,1,6
BRDA:75,0,2,146
BRDA:75,0,3,12
BRDA:75,0,4,1358
BRDA:75,0,5,2308
BRDA:75,0,6,364
BRDA:75,0,7,3
DA:76,4832
BRDA:76,0,0,206
BRDA:76,0,1,108
BRDA:76,0,2,0
BRDA:76,0,3,260
BRDA:76,0,4,136
BRDA:76,0,5,8
BRDA:76,0,6,2114
BRDA:76,0,7,4832
BRDA:76,0,8,2270
BRDA:76,0,9,716
BRDA:76,0,10,355
BRDA:76,0,11,0
DA:77,2562
BRDA:77,0,0,206
BRDA:77,0,1,108
BRDA:77,0,2,258
BRDA:77,0,3,128
BRDA:77,0,4,1824
BRDA:77,0,5,2562
BRDA:77,0,6,716
BRDA:77,0,7,355
DA:78,12068
BRDA:78,0,0,38
BRDA:78,0,1,30
BRDA:78,0,2,2870
BRDA:78,0,3,1436
BRDA:78,0,4,42
BRDA:78,0,5,30
BRDA:78,0,6,3855
BRDA:78,0,7,1927
BRDA:78,0,8,1432
BRDA:78,0,9,1080
BRDA:78,0,10,12068
BRDA:78,0,11,6034
BRDA:78,0,12,136
BRDA:78,0,13,92
BRDA:78,0,14,2456
BRDA:78,0,15,1228
DA:79,9174
BRDA:79,0,0,38
BRDA:79,0,1,30
BRDA:79,0,2,2690
BRDA:79,0,3,1334
BRDA:79,0,4,42
BRDA:79,0,5,28
BRDA:79,0,6,3639
BRDA:79,0,7,1805
BRDA:79,0,8,1036
BRDA:79,0,9,774
BRDA:79,0,10,9174
BRDA:79,0,11,4436
BRDA:79,0,12,136
BRDA:79,0,13,92
BRDA:79,0,14,1840
BRDA:79,0,15,876
DA:96,613785
BRDA:96,0,0,45919
BRDA:96,0,1,61681
BRDA:96,0,2,73069
BRDA:96,0,3,613785
DA:97,15
BRDA:97,0,0,15
BRDA:97,0,1,6
BRDA:97,0,2,3
BRDA:97,0,3,7
DA:98,15
BRDA:98,0,0,15
BRDA:98,0,1,6
BRDA:98,0,2,3
BRDA:98,0,3,7
DA:99,15
BRDA:99,0,0,15
BRDA:99,0,1,6
BRDA:99,0,2,3
BRDA:99,0,3,7
DA:100,15
BRDA:100,0,0,15
BRDA:100,0,1,6
BRDA:100,0,2,3
BRDA:100,0,3,7
DA:101,15
BRDA:101,0,0,15
BRDA:101,0,1,6
BRDA:101,0,2,3
BRDA:101,0,3,7
DA:102,15
BRDA:102,0,0,15
BRDA:102,0,1,6
BRDA:102,0,2,3
BRDA:102,0,3,7
DA:103,15
BRDA:103,0,0,15
BRDA:103,0,1,6
BRDA:103,0,2,3
BRDA:103,0,3,7
DA:104,15
BRDA:104,0,0,15
BRDA:104,0,1,6
BRDA:104,0,2,3
BRDA:104,0,3,7
DA:105,15
BRDA:105,0,0,15
BRDA:105,0,1,6
BRDA:105,0,2,3
BRDA:105,0,3,7
DA:106,15
BRDA:106,0,0,15
BRDA:106,0,1,6
BRDA:106,0,2,3
BRDA:106,0,3,7
DA:107,15
BRDA:107,0,0,15
BRDA:107,0,1,6
BRDA:107,0,2,3
BRDA:107,0,3,7
DA:108,15
BRDA:108,0,0,15
BRDA:108,0,1,6
BRDA:108,0,2,3
BRDA:108,0,3,7
DA:109,15
BRDA:109,0,0,15
BRDA:109,0,1,6
BRDA:109,0,2,3
BRDA:109,0,3,7
DA:110,613776
BRDA:110,0,0,6
BRDA:110,0,1,45898
BRDA:110,0,2,7
BRDA:110,0,3,61668
BRDA:110,0,4,325
BRDA:110,0,5,72741
BRDA:110,0,6,2
BRDA:110,0,7,613776
DA:111,325
BRDA:111,0,0,6
BRDA:111,0,1,7
BRDA:111,0,2,325
BRDA:111,0,3,2
DA:112,325
BRDA:112,0,0,6
BRDA:112,0,1,7
BRDA:112,0,2,325
BRDA:112,0,3,2
DA:113,325
BRDA:113,0,0,6
BRDA:113,0,1,7
BRDA:113,0,2,325
BRDA:113,0,3,2
DA:114,325
BRDA:114,0,0,6
BRDA:114,0,1,7
BRDA:114,0,2,325
BRDA:114,0,3,2
DA:115,325
BRDA:115,0,0,6
BRDA:115,0,1,7
BRDA:115,0,2,325
BRDA:115,0,3,2
DA:116,325
BRDA:116,0,0,6
BRDA:116,0,1,7
BRDA:116,0,2,325
BRDA:116,0,3,2
DA:117,325
BRDA:117,0,0,6
BRDA:117,0,1,7
BRDA:117,0,2,325
BRDA:117,0,3,2
DA:118,325
BRDA:118,0,0,6
BRDA:118,0,1,7
BRDA:118,0,2,325
BRDA:118,0,3,2
DA:119,325
BRDA:119,0,0,6
BRDA:119,0,1,7
BRDA:119,0,2,325
BRDA:119,0,3,2
DA:120,325
BRDA:120,0,0,6
BRDA:120,0,1,7
BRDA:120,0,2,325
BRDA:120,0,3,2
DA:121,325
BRDA:121,0,0,6
BRDA:121,0,1,7
BRDA:121,0,2,325
BRDA:121,0,3,2
DA:122,325
BRDA:122,0,0,6
BRDA:122,0,1,7
BRDA:122,0,2,325
BRDA:122,0,3,2
DA:123,613776
BRDA:123,0,0,45898
BRDA:123,0,1,61668
BRDA:123,0,2,72741
BRDA:123,0,3,613776
DA:125,613769
BRDA:125,0,0,24
BRDA:125,0,1,45874
BRDA:125,0,2,27
BRDA:125,0,3,61641
BRDA:125,0,4,20
BRDA:125,0,5,72721
BRDA:125,0,6,7
BRDA:125,0,7,613769
DA:126,27
BRDA:126,0,0,24
BRDA:126,0,1,27
BRDA:126,0,2,20
BRDA:126,0,3,7
DA:127,27
BRDA:127,0,0,24
BRDA:127,0,1,27
BRDA:127,0,2,20
BRDA:127,0,3,7
DA:128,27
BRDA:128,0,0,24
BRDA:128,0,1,27
BRDA:128,0,2,20
BRDA:128,0,3,7
DA:129,27
BRDA:129,0,0,24
BRDA:129,0,1,27
BRDA:129,0,2,20
BRDA:129,0,3,7
DA:130,27
BRDA:130,0,0,24
BRDA:130,0,1,27
BRDA:130,0,2,20
BRDA:130,0,3,7
DA:131,27
BRDA:131,0,0,24
BRDA:131,0,1,27
BRDA:131,0,2,20
BRDA:131,0,3,7
DA:132,27
BRDA:132,0,0,24
BRDA:132,0,1,27
BRDA:132,0,2,20
BRDA:132,0,3,7
DA:135,5
BRDA:135,0,0,1
BRDA:135,0,1,0
BRDA:135,0,2,5
BRDA:135,0,3,1
DA:136,5
BRDA:136,0,0,1
BRDA:136,0,1,0
BRDA:136,0,2,5
BRDA:136,0,3,1
DA:137,5
BRDA:137,0,0,1
BRDA:137,0,1,0
BRDA:137,0,2,5
BRDA:137,0,3,1
DA:138,5
BRDA:138,0,0,1
BRDA:138,0,1,0
BRDA:138,0,2,5
BRDA:138,0,3,1
DA:139,5
BRDA:139,0,0,1
BRDA:139,0,1,0
BRDA:139,0,2,5
BRDA:139,0,3,1
DA:140,5
BRDA:140,0,0,1
BRDA:140,0,1,0
BRDA:140,0,2,5
BRDA:140,0,3,1
DA:141,5
BRDA:141,0,0,1
BRDA:141,0,1,0
BRDA:141,0,2,5
BRDA:141,0,3,1
DA:142,5
BRDA:142,0,0,1
BRDA:142,0,1,0
BRDA:142,0,2,5
BRDA:142,0,3,1
DA:143,5
BRDA:143,0,0,1
BRDA:143,0,1,0
BRDA:143,0,2,5
BRDA:143,0,3,1
DA:144,5
BRDA:144,0,0,1
BRDA:144,0,1,0
BRDA:144,0,2,5
BRDA:144,0,3,1
DA:145,5
BRDA:145,0,0,1
BRDA:145,0,1,0
BRDA:145,0,2,5
BRDA:145,0,3,1
DA:146,12392
BRDA:146,0,0,2872
BRDA:146,0,1,3858
BRDA:146,0,2,12392
BRDA:146,0,3,2457
DA:148,12392
BRDA:148,0,0,2872
BRDA:148,0,1,3858
BRDA:148,0,2,12392
BRDA:148,0,3,2457
DA:149,608863
BRDA:149,0,0,2868
BRDA:149,0,1,40157
BRDA:149,0,2,3854
BRDA:149,0,3,53956
BRDA:149,0,4,12068
BRDA:149,0,5,48276
BRDA:149,0,6,2455
BRDA:149,0,7,608863
DA:150,12068
BRDA:150,0,0,2868
BRDA:150,0,1,3854
BRDA:150,0,2,12068
BRDA:150,0,3,2455
DA:152,9051
BRDA:152,0,0,715
BRDA:152,0,1,2153
BRDA:152,0,2,962
BRDA:152,0,3,2892
BRDA:152,0,4,3017
BRDA:152,0,5,9051
BRDA:152,0,6,613
BRDA:152,0,7,1842
DA:153,3017
BRDA:153,0,0,715
BRDA:153,0,1,962
BRDA:153,0,2,3017
BRDA:153,0,3,613
DA:154,3017
BRDA:154,0,0,715
BRDA:154,0,1,962
BRDA:154,0,2,3017
BRDA:154,0,3,613
DA:155,3017
BRDA:155,0,0,715
BRDA:155,0,1,962
BRDA:155,0,2,3017
BRDA:155,0,3,613
DA:158,3011
BRDA:158,0,0,696
BRDA:158,0,1,19
BRDA:158,0,2,940
BRDA:158,0,3,22
BRDA:158,0,4,3011
BRDA:158,0,5,6
BRDA:158,0,6,613
BRDA:158,0,7,0
DA:159,1044
BRDA:159,0,0,32
BRDA:159,0,1,35
BRDA:159,0,2,1044
BRDA:159,0,3,200
DA:160,1032
BRDA:160,0,0,32
BRDA:160,0,1,0
BRDA:160,0,2,35
BRDA:160,0,3,0
BRDA:160,0,4,1032
BRDA:160,0,5,12
BRDA:160,0,6,200
BRDA:160,0,7,0
DA:161,688
BRDA:161,0,0,32
BRDA:161,0,1,0
BRDA:161,0,2,35
BRDA:161,0,3,0
BRDA:161,0,4,344
BRDA:161,0,5,688
BRDA:161,0,6,10
BRDA:161,0,7,190
DA:162,344
BRDA:162,0,0,32
BRDA:162,0,1,35
BRDA:162,0,2,344
BRDA:162,0,3,10
DA:163,344
BRDA:163,0,0,32
BRDA:163,0,1,35
BRDA:163,0,2,344
BRDA:163,0,3,10
DA:164,688
BRDA:164,0,0,0
BRDA:164,0,1,0
BRDA:164,0,2,688
BRDA:164,0,3,190
DA:165,688
BRDA:165,0,0,0
BRDA:165,0,1,0
BRDA:165,0,2,688
BRDA:165,0,3,190
DA:167,12
BRDA:167,0,0,0
BRDA:167,0,1,0
BRDA:167,0,2,12
BRDA:167,0,3,0
DA:168,12
BRDA:168,0,0,0
BRDA:168,0,1,0
BRDA:168,0,2,12
BRDA:168,0,3,0
DA:170,1636
BRDA:170,0,0,617
BRDA:170,0,1,47
BRDA:170,0,2,840
BRDA:170,0,3,65
BRDA:170,0,4,331
BRDA:170,0,5,1636
BRDA:170,0,6,85
BRDA:170,0,7,328
DA:171,32
BRDA:171,0,0,29
BRDA:171,0,1,32
BRDA:171,0,2,26
BRDA:171,0,3,8
DA:172,32
BRDA:172,0,0,29
BRDA:172,0,1,32
BRDA:172,0,2,26
BRDA:172,0,3,8
DA:173,32
BRDA:173,0,0,29
BRDA:173,0,1,32
BRDA:173,0,2,26
BRDA:173,0,3,8
DA:174,32
BRDA:174,0,0,29
BRDA:174,0,1,32
BRDA:174,0,2,26
BRDA:174,0,3,8
DA:175,32
BRDA:175,0,0,29
BRDA:175,0,1,32
BRDA:175,0,2,26
BRDA:175,0,3,8
DA:176,32
BRDA:176,0,0,29
BRDA:176,0,1,0
BRDA:176,0,2,32
BRDA:176,0,3,0
BRDA:176,0,4,0
BRDA:176,0,5,26
BRDA:176,0,6,0
BRDA:176,0,7,8
DA:177,32
BRDA:177,0,0,29
BRDA:177,0,1,32
BRDA:177,0,2,0
BRDA:177,0,3,0
DA:178,32
BRDA:178,0,0,29
BRDA:178,0,1,32
BRDA:178,0,2,0
BRDA:178,0,3,0
DA:179,26
BRDA:179,0,0,0
BRDA:179,0,1,0
BRDA:179,0,2,26
BRDA:179,0,3,8
DA:180,26
BRDA:180,0,0,0
BRDA:180,0,1,0
BRDA:180,0,2,26
BRDA:180,0,3,8
DA:181,26
BRDA:181,0,0,0
BRDA:181,0,1,0
BRDA:181,0,2,26
BRDA:181,0,3,8
DA:183,805
BRDA:183,0,0,0
BRDA:183,0,1,588
BRDA:183,0,2,3
BRDA:183,0,3,805
BRDA:183,0,4,300
BRDA:183,0,5,5
BRDA:183,0,6,0
BRDA:183,0,7,77
DA:184,300
BRDA:184,0,0,0
BRDA:184,0,1,3
BRDA:184,0,2,300
BRDA:184,0,3,0
DA:185,300
BRDA:185,0,0,0
BRDA:185,0,1,3
BRDA:185,0,2,300
BRDA:185,0,3,0
DA:186,300
BRDA:186,0,0,0
BRDA:186,0,1,3
BRDA:186,0,2,300
BRDA:186,0,3,0
DA:187,300
BRDA:187,0,0,0
BRDA:187,0,1,3
BRDA:187,0,2,300
BRDA:187,0,3,0
DA:188,300
BRDA:188,0,0,0
BRDA:188,0,1,3
BRDA:188,0,2,300
BRDA:188,0,3,0
DA:190,1636
BRDA:190,0,0,47
BRDA:190,0,1,65
BRDA:190,0,2,1636
BRDA:190,0,3,328
DA:191,977
BRDA:191,0,0,29
BRDA:191,0,1,18
BRDA:191,0,2,35
BRDA:191,0,3,30
BRDA:191,0,4,977
BRDA:191,0,5,659
BRDA:191,0,6,160
BRDA:191,0,7,168
DA:192,328
BRDA:192,0,0,29
BRDA:192,0,1,35
BRDA:192,0,2,328
BRDA:192,0,3,8
DA:193,328
BRDA:193,0,0,29
BRDA:193,0,1,35
BRDA:193,0,2,328
BRDA:193,0,3,8
DA:194,328
BRDA:194,0,0,29
BRDA:194,0,1,0
BRDA:194,0,2,35
BRDA:194,0,3,0
BRDA:194,0,4,0
BRDA:194,0,5,328
BRDA:194,0,6,0
BRDA:194,0,7,8
DA:195,31
BRDA:195,0,0,29
BRDA:195,0,1,0
BRDA:195,0,2,31
BRDA:195,0,3,4
BRDA:195,0,4,0
BRDA:195,0,5,0
BRDA:195,0,6,0
BRDA:195,0,7,0
DA:196,31
BRDA:196,0,0,29
BRDA:196,0,1,31
BRDA:196,0,2,0
BRDA:196,0,3,0
DA:197,31
BRDA:197,0,0,29
BRDA:197,0,1,31
BRDA:197,0,2,0
BRDA:197,0,3,0
DA:198,4
BRDA:198,0,0,0
BRDA:198,0,1,4
BRDA:198,0,2,0
BRDA:198,0,3,0
DA:199,4
BRDA:199,0,0,0
BRDA:199,0,1,4
BRDA:199,0,2,0
BRDA:199,0,3,0
DA:201,35
BRDA:201,0,0,29
BRDA:201,0,1,35
BRDA:201,0,2,0
BRDA:201,0,3,0
DA:202,35
BRDA:202,0,0,29
BRDA:202,0,1,35
BRDA:202,0,2,0
BRDA:202,0,3,0
DA:203,35
BRDA:203,0,0,29
BRDA:203,0,1,35
BRDA:203,0,2,0
BRDA:203,0,3,0
DA:204,35
BRDA:204,0,0,29
BRDA:204,0,1,35
BRDA:204,0,2,0
BRDA:204,0,3,0
DA:205,328
BRDA:205,0,0,0
BRDA:205,0,1,0
BRDA:205,0,2,328
BRDA:205,0,3,8
DA:206,328
BRDA:206,0,0,0
BRDA:206,0,1,0
BRDA:206,0,2,328
BRDA:206,0,3,8
DA:208,325
BRDA:208,0,0,0
BRDA:208,0,1,0
BRDA:208,0,2,0
BRDA:208,0,3,0
BRDA:208,0,4,324
BRDA:208,0,5,325
BRDA:208,0,6,8
BRDA:208,0,7,144
DA:209,304
BRDA:209,0,0,0
BRDA:209,0,1,0
BRDA:209,0,2,0
BRDA:209,0,3,0
BRDA:209,0,4,20
BRDA:209,0,5,304
BRDA:209,0,6,8
BRDA:209,0,7,0
DA:210,20
BRDA:210,0,0,0
BRDA:210,0,1,0
BRDA:210,0,2,20
BRDA:210,0,3,8
DA:211,20
BRDA:211,0,0,0
BRDA:211,0,1,0
BRDA:211,0,2,20
BRDA:211,0,3,8
DA:212,304
BRDA:212,0,0,0
BRDA:212,0,1,0
BRDA:212,0,2,304
BRDA:212,0,3,0
DA:213,304
BRDA:213,0,0,0
BRDA:213,0,1,0
BRDA:213,0,2,304
BRDA:213,0,3,0
DA:215,324
BRDA:215,0,0,0
BRDA:215,0,1,0
BRDA:215,0,2,324
BRDA:215,0,3,8
DA:216,324
BRDA:216,0,0,0
BRDA:216,0,1,0
BRDA:216,0,2,324
BRDA:216,0,3,8
DA:217,324
BRDA:217,0,0,0
BRDA:217,0,1,0
BRDA:217,0,2,324
BRDA:217,0,3,8
DA:218,324
BRDA:218,0,0,0
BRDA:218,0,1,0
BRDA:218,0,2,324
BRDA:218,0,3,8
DA:219,324
BRDA:219,0,0,0
BRDA:219,0,1,0
BRDA:219,0,2,324
BRDA:219,0,3,8
DA:220,325
BRDA:220,0,0,0
BRDA:220,0,1,0
BRDA:220,0,2,325
BRDA:220,0,3,144
DA:221,325
BRDA:221,0,0,0
BRDA:221,0,1,0
BRDA:221,0,2,325
BRDA:221,0,3,144
DA:223,659
BRDA:223,0,0,18
BRDA:223,0,1,30
BRDA:223,0,2,659
BRDA:223,0,3,168
DA:224,659
BRDA:224,0,0,18
BRDA:224,0,1,30
BRDA:224,0,2,659
BRDA:224,0,3,168
DA:225,659
BRDA:225,0,0,18
BRDA:225,0,1,30
BRDA:225,0,2,659
BRDA:225,0,3,168
DA:226,603
BRDA:226,0,0,0
BRDA:226,0,1,2
BRDA:226,0,2,603
BRDA:226,0,3,0
DA:227,603
BRDA:227,0,0,0
BRDA:227,0,1,2
BRDA:227,0,2,603
BRDA:227,0,3,0
DA:228,603
BRDA:228,0,0,0
BRDA:228,0,1,2
BRDA:228,0,2,603
BRDA:228,0,3,0
DA:229,152
BRDA:229,0,0,0
BRDA:229,0,1,18
BRDA:229,0,2,0
BRDA:229,0,3,28
BRDA:229,0,4,51
BRDA:229,0,5,5
BRDA:229,0,6,152
BRDA:229,0,7,16
DA:230,144
BRDA:230,0,0,0
BRDA:230,0,1,0
BRDA:230,0,2,0
BRDA:230,0,3,0
BRDA:230,0,4,24
BRDA:230,0,5,27
BRDA:230,0,6,8
BRDA:230,0,7,144
DA:231,24
BRDA:231,0,0,0
BRDA:231,0,1,0
BRDA:231,0,2,24
BRDA:231,0,3,8
DA:232,24
BRDA:232,0,0,0
BRDA:232,0,1,0
BRDA:232,0,2,24
BRDA:232,0,3,8
DA:233,144
BRDA:233,0,0,0
BRDA:233,0,1,0
BRDA:233,0,2,27
BRDA:233,0,3,144
DA:234,144
BRDA:234,0,0,0
BRDA:234,0,1,0
BRDA:234,0,2,27
BRDA:234,0,3,144
DA:240,9051
BRDA:240,0,0,2153
BRDA:240,0,1,2892
BRDA:240,0,2,9051
BRDA:240,0,3,1842
DA:241,9051
BRDA:241,0,0,2153
BRDA:241,0,1,2892
BRDA:241,0,2,9051
BRDA:241,0,3,1842
DA:242,7486
BRDA:242,0,0,0
BRDA:242,0,1,2153
BRDA:242,0,2,13
BRDA:242,0,3,2879
BRDA:242,0,4,1565
BRDA:242,0,5,7486
BRDA:242,0,6,0
BRDA:242,0,7,1842
DA:243,1565
BRDA:243,0,0,0
BRDA:243,0,1,13
BRDA:243,0,2,1565
BRDA:243,0,3,0
DA:244,7486
BRDA:244,0,0,2153
BRDA:244,0,1,2879
BRDA:244,0,2,7486
BRDA:244,0,3,1842
DA:245,7486
BRDA:245,0,0,2153
BRDA:245,0,1,2879
BRDA:245,0,2,7486
BRDA:245,0,3,1842
DA:246,7108
BRDA:246,0,0,51
BRDA:246,0,1,2102
BRDA:246,0,2,57
BRDA:246,0,3,2822
BRDA:246,0,4,378
BRDA:246,0,5,7108
BRDA:246,0,6,176
BRDA:246,0,7,1666
DA:247,378
BRDA:247,0,0,51
BRDA:247,0,1,57
BRDA:247,0,2,378
BRDA:247,0,3,176
BRF:929
BRH:732
end_of_record
SF:src/project.v
DA:6,613781
BRDA:6,0,0,137
BRDA:6,0,1,137
BRDA:6,0,2,93
BRDA:6,0,3,1
BRDA:6,0,4,36
BRDA:6,0,5,256
BRDA:6,0,6,5
BRDA:6,0,7,613781
DA:7,1528
BRDA:7,0,0,2
BRDA:7,0,1,0
BRDA:7,0,2,76
BRDA:7,0,3,1528
BRDA:7,0,4,0
BRDA:7,0,5,0
BRDA:7,0,6,0
BRDA:7,0,7,0
DA:8,613781
BRDA:8,0,0,613781
BRDA:8,0,1,306890
BRDA:8,0,2,460336
BRDA:8,0,3,230168
BRDA:8,0,4,115084
BRDA:8,0,5,57542
BRDA:8,0,6,585010
BRDA:8,0,7,292505
DA:9,0
BRDA:9,0,0,0
BRDA:9,0,1,0
BRDA:9,0,2,0
BRDA:9,0,3,0
BRDA:9,0,4,0
BRDA:9,0,5,0
BRDA:9,0,6,0
BRDA:9,0,7,0
DA:10,1230
BRDA:10,0,0,1230
BRDA:10,0,1,1228
BRDA:10,0,2,1228
BRDA:10,0,3,1228
BRDA:10,0,4,0
BRDA:10,0,5,0
BRDA:10,0,6,0
BRDA:10,0,7,0
DA:11,2
DA:12,1227568
DA:13,1
DA:15,1230
BRDA:15,0,0,1230
BRDA:15,0,1,1228
BRDA:15,0,2,1228
BRDA:15,0,3,1228
DA:16,2
DA:17,2
DA:18,76
DA:19,1528
DA:20,0
BRF:44
BRH:27
end_of_record
SF:src/regs.v
DA:9,1227568
BRDA:9,0,0,91833
BRDA:9,0,1,123361
BRDA:9,0,2,330
BRDA:9,0,3,1227568
DA:10,11
BRDA:10,0,0,3
BRDA:10,0,1,1
BRDA:10,0,2,11
BRDA:10,0,3,1
DA:11,49
BRDA:11,0,0,5
BRDA:11,0,1,1
BRDA:11,0,2,49
BRDA:11,0,3,2
DA:12,5
BRDA:12,0,0,5
BRDA:12,0,1,1
BRDA:12,0,2,2
BRDA:12,0,3,2
DA:13,96
BRDA:13,0,0,58
BRDA:13,0,1,61
BRDA:13,0,2,96
BRDA:13,0,3,16
DA:14,10
BRDA:14,0,0,9
BRDA:14,0,1,10
BRDA:14,0,2,4
BRDA:14,0,3,4
DA:15,30
BRDA:15,0,0,22
BRDA:15,0,1,14
BRDA:15,0,2,14
BRDA:15,0,3,0
BRDA:15,0,4,20
BRDA:15,0,5,16
BRDA:15,0,6,18
BRDA:15,0,7,2
BRDA:15,0,8,30
BRDA:15,0,9,26
BRDA:15,0,10,20
BRDA:15,0,11,18
BRDA:15,0,12,6
BRDA:15,0,13,4
BRDA:15,0,14,4
BRDA:15,0,15,0
DA:16,8
BRDA:16,0,0,6
BRDA:16,0,1,8
BRDA:16,0,2,2
BRDA:16,0,3,2
DA:17,10
BRDA:17,0,0,7
BRDA:17,0,1,9
BRDA:17,0,2,10
BRDA:17,0,3,3
DA:18,10
BRDA:18,0,0,4
BRDA:18,0,1,8
BRDA:18,0,2,10
BRDA:18,0,3,2
DA:19,2
BRDA:19,0,0,2
BRDA:19,0,1,1
BRDA:19,0,2,0
BRDA:19,0,3,0
DA:20,82
BRDA:20,0,0,56
BRDA:20,0,1,60
BRDA:20,0,2,82
BRDA:20,0,3,16
DA:21,22
BRDA:21,0,0,14
BRDA:21,0,1,14
BRDA:21,0,2,22
BRDA:21,0,3,4
DA:22,20
BRDA:22,0,0,8
BRDA:22,0,1,6
BRDA:22,0,2,20
BRDA:22,0,3,2
DA:24,0
BRDA:24,0,0,0
BRDA:24,0,1,0
BRDA:24,0,2,0
BRDA:24,0,3,0
DA:27,0
BRDA:27,0,0,0
BRDA:27,0,1,0
BRDA:27,0,2,0
BRDA:27,0,3,0
DA:28,0
BRDA:28,0,0,0
BRDA:28,0,1,0
BRDA:28,0,2,0
BRDA:28,0,3,0
DA:29,0
BRDA:29,0,0,0
BRDA:29,0,1,0
BRDA:29,0,2,0
BRDA:29,0,3,0
DA:30,0
BRDA:30,0,0,0
BRDA:30,0,1,0
BRDA:30,0,2,0
BRDA:30,0,3,0
DA:31,0
BRDA:31,0,0,0
BRDA:31,0,1,0
BRDA:31,0,2,0
BRDA:31,0,3,0
DA:32,0
BRDA:32,0,0,0
BRDA:32,0,1,0
BRDA:32,0,2,0
BRDA:32,0,3,0
DA:34,0
BRDA:34,0,0,0
BRDA:34,0,1,0
BRDA:34,0,2,0
BRDA:34,0,3,0
BRDA:34,0,4,0
BRDA:34,0,5,0
BRDA:34,0,6,0
BRDA:34,0,7,0
DA:35,0
BRDA:35,0,0,0
BRDA:35,0,1,0
BRDA:35,0,2,0
BRDA:35,0,3,0
DA:39,0
BRDA:39,0,0,0
BRDA:39,0,1,0
BRDA:39,0,2,0
BRDA:39,0,3,0
DA:42,0
BRDA:42,0,0,0
BRDA:42,0,1,0
BRDA:42,0,2,0
BRDA:42,0,3,0
DA:43,0
BRDA:43,0,0,0
BRDA:43,0,1,0
BRDA:43,0,2,0
BRDA:43,0,3,0
DA:44,0
BRDA:44,0,0,0
BRDA:44,0,1,0
BRDA:44,0,2,0
BRDA:44,0,3,0
BRDA:44,0,4,0
BRDA:44,0,5,0
BRDA:44,0,6,0
BRDA:44,0,7,0
DA:45,0
BRDA:45,0,0,0
BRDA:45,0,1,0
BRDA:45,0,2,0
BRDA:45,0,3,0
BRDA:45,0,4,0
BRDA:45,0,5,0
BRDA:45,0,6,0
BRDA:45,0,7,0
DA:46,0
BRDA:46,0,0,0
BRDA:46,0,1,0
BRDA:46,0,2,0
BRDA:46,0,3,0
DA:58,36
BRDA:58,0,0,28
BRDA:58,0,1,0
BRDA:58,0,2,0
BRDA:58,0,3,0
BRDA:58,0,4,0
BRDA:58,0,5,0
BRDA:58,0,6,0
BRDA:58,0,7,0
BRDA:58,0,8,0
BRDA:58,0,9,0
BRDA:58,0,10,0
BRDA:58,0,11,14
BRDA:58,0,12,0
BRDA:58,0,13,0
BRDA:58,0,14,0
BRDA:58,0,15,0
BRDA:58,0,16,0
BRDA:58,0,17,0
BRDA:58,0,18,0
BRDA:58,0,19,0
BRDA:58,0,20,0
BRDA:58,0,21,0
BRDA:58,0,22,0
BRDA:58,0,23,0
BRDA:58,0,24,0
BRDA:58,0,25,0
BRDA:58,0,26,14
BRDA:58,0,27,14
BRDA:58,0,28,0
BRDA:58,0,29,0
BRDA:58,0,30,14
BRDA:58,0,31,0
BRDA:58,0,32,30
BRDA:58,0,33,0
BRDA:58,0,34,0
BRDA:58,0,35,0
BRDA:58,0,36,0
BRDA:58,0,37,0
BRDA:58,0,38,0
BRDA:58,0,39,0
BRDA:58,0,40,0
BRDA:58,0,41,0
BRDA:58,0,42,0
BRDA:58,0,43,14
BRDA:58,0,44,0
BRDA:58,0,45,0
BRDA:58,0,46,0
BRDA:58,0,47,0
BRDA:58,0,48,0
BRDA:58,0,49,0
BRDA:58,0,50,0
BRDA:58,0,51,0
BRDA:58,0,52,0
BRDA:58,0,53,0
BRDA:58,0,54,0
BRDA:58,0,55,0
BRDA:58,0,56,0
BRDA:58,0,57,0
BRDA:58,0,58,14
BRDA:58,0,59,14
BRDA:58,0,60,0
BRDA:58,0,61,0
BRDA:58,0,62,14
BRDA:58,0,63,0
BRDA:58,0,64,36
BRDA:58,0,65,0
BRDA:58,0,66,2
BRDA:58,0,67,0
BRDA:58,0,68,0
BRDA:58,0,69,0
BRDA:58,0,70,0
BRDA:58,0,71,0
BRDA:58,0,72,0
BRDA:58,0,73,0
BRDA:58,0,74,0
BRDA:58,0,75,22
BRDA:58,0,76,0
BRDA:58,0,77,0
BRDA:58,0,78,0
BRDA:58,0,79,0
BRDA:58,0,80,0
BRDA:58,0,81,0
BRDA:58,0,82,0
BRDA:58,0,83,0
BRDA:58,0,84,0
BRDA:58,0,85,0
BRDA:58,0,86,8
BRDA:58,0,87,0
BRDA:58,0,88,0
BRDA:58,0,89,10
BRDA:58,0,90,14
BRDA:58,0,91,10
BRDA:58,0,92,0
BRDA:58,0,93,4
BRDA:58,0,94,12
BRDA:58,0,95,0
BRDA:58,0,96,8
BRDA:58,0,97,0
BRDA:58,0,98,0
BRDA:58,0,99,0
BRDA:58,0,100,0
BRDA:58,0,101,0
BRDA:58,0,102,0
BRDA:58,0,103,0
BRDA:58,0,104,0
BRDA:58,0,105,0
BRDA:58,0,106,0
BRDA:58,0,107,4
BRDA:58,0,108,0
BRDA:58,0,109,0
BRDA:58,0,110,0
BRDA:58,0,111,0
BRDA:58,0,112,0
BRDA:58,0,113,0
BRDA:58,0,114,0
BRDA:58,0,115,0
BRDA:58,0,116,0
BRDA:58,0,117,0
BRDA:58,0,118,0
BRDA:58,0,119,0
BRDA:58,0,120,0
BRDA:58,0,121,0
BRDA:58,0,122,4
BRDA:58,0,123,4
BRDA:58,0,124,0
BRDA:58,0,125,0
BRDA:58,0,126,4
BRDA:58,0,127,0
DA:59,48
BRDA:59,0,0,28
BRDA:59,0,1,14
BRDA:59,0,2,30
BRDA:59,0,3,14
BRDA:59,0,4,48
BRDA:59,0,5,14
BRDA:59,0,6,8
BRDA:59,0,7,4
DA:60,8
BRDA:60,0,0,5
BRDA:60,0,1,2
BRDA:60,0,2,3
BRDA:60,0,3,1
BRDA:60,0,4,8
BRDA:60,0,5,0
BRDA:60,0,6,1
BRDA:60,0,7,0
DA:61,8
BRDA:61,0,0,6
BRDA:61,0,1,8
BRDA:61,0,2,2
BRDA:61,0,3,2
DA:62,0
BRDA:62,0,0,0
BRDA:62,0,1,0
BRDA:62,0,2,0
BRDA:62,0,3,0
DA:64,15
BRDA:64,0,0,1
BRDA:64,0,1,3
BRDA:64,0,2,15
BRDA:64,0,3,1
DA:65,10
BRDA:65,0,0,0
BRDA:65,0,1,2
BRDA:65,0,2,10
BRDA:65,0,3,0
DA:66,35
BRDA:66,0,0,21
BRDA:66,0,1,14
BRDA:66,0,2,14
BRDA:66,0,3,0
BRDA:66,0,4,27
BRDA:66,0,5,16
BRDA:66,0,6,16
BRDA:66,0,7,0
BRDA:66,0,8,35
BRDA:66,0,9,20
BRDA:66,0,10,12
BRDA:66,0,11,12
BRDA:66,0,12,7
BRDA:66,0,13,4
BRDA:66,0,14,4
BRDA:66,0,15,0
DA:67,92
BRDA:67,0,0,56
BRDA:67,0,1,60
BRDA:67,0,2,92
BRDA:67,0,3,16
DA:68,36
BRDA:68,0,0,21
BRDA:68,0,1,0
BRDA:68,0,2,0
BRDA:68,0,3,14
BRDA:68,0,4,0
BRDA:68,0,5,0
BRDA:68,0,6,0
BRDA:68,0,7,0
BRDA:68,0,8,0
BRDA:68,0,9,0
BRDA:68,0,10,0
BRDA:68,0,11,14
BRDA:68,0,12,0
BRDA:68,0,13,0
BRDA:68,0,14,0
BRDA:68,0,15,0
BRDA:68,0,16,0
BRDA:68,0,17,0
BRDA:68,0,18,0
BRDA:68,0,19,0
BRDA:68,0,20,0
BRDA:68,0,21,0
BRDA:68,0,22,14
BRDA:68,0,23,0
BRDA:68,0,24,0
BRDA:68,0,25,0
BRDA:68,0,26,28
BRDA:68,0,27,14
BRDA:68,0,28,0
BRDA:68,0,29,0
BRDA:68,0,30,14
BRDA:68,0,31,14
BRDA:68,0,32,27
BRDA:68,0,33,0
BRDA:68,0,34,0
BRDA:68,0,35,14
BRDA:68,0,36,0
BRDA:68,0,37,0
BRDA:68,0,38,0
BRDA:68,0,39,0
BRDA:68,0,40,0
BRDA:68,0,41,0
BRDA:68,0,42,0
BRDA:68,0,43,16
BRDA:68,0,44,0
BRDA:68,0,45,0
BRDA:68,0,46,0
BRDA:68,0,47,0
BRDA:68,0,48,0
BRDA:68,0,49,0
BRDA:68,0,50,0
BRDA:68,0,51,0
BRDA:68,0,52,0
BRDA:68,0,53,0
BRDA:68,0,54,16
BRDA:68,0,55,0
BRDA:68,0,56,0
BRDA:68,0,57,0
BRDA:68,0,58,30
BRDA:68,0,59,14
BRDA:68,0,60,0
BRDA:68,0,61,0
BRDA:68,0,62,14
BRDA:68,0,63,14
BRDA:68,0,64,35
BRDA:68,0,65,0
BRDA:68,0,66,4
BRDA:68,0,67,12
BRDA:68,0,68,0
BRDA:68,0,69,0
BRDA:68,0,70,2
BRDA:68,0,71,0
BRDA:68,0,72,0
BRDA:68,0,73,0
BRDA:68,0,74,0
BRDA:68,0,75,20
BRDA:68,0,76,0
BRDA:68,0,77,0
BRDA:68,0,78,0
BRDA:68,0,79,0
BRDA:68,0,80,0
BRDA:68,0,81,0
BRDA:68,0,82,0
BRDA:68,0,83,0
BRDA:68,0,84,0
BRDA:68,0,85,0
BRDA:68,0,86,12
BRDA:68,0,87,0
BRDA:68,0,88,0
BRDA:68,0,89,12
BRDA:68,0,90,36
BRDA:68,0,91,22
BRDA:68,0,92,8
BRDA:68,0,93,10
BRDA:68,0,94,14
BRDA:68,0,95,10
BRDA:68,0,96,7
BRDA:68,0,97,0
BRDA:68,0,98,0
BRDA:68,0,99,4
BRDA:68,0,100,0
BRDA:68,0,101,0
BRDA:68,0,102,0
BRDA:68,0,103,0
BRDA:68,0,104,0
BRDA:68,0,105,0
BRDA:68,0,106,0
BRDA:68,0,107,4
BRDA:68,0,108,0
BRDA:68,0,109,0
BRDA:68,0,110,0
BRDA:68,0,111,0
BRDA:68,0,112,0
BRDA:68,0,113,0
BRDA:68,0,114,0
BRDA:68,0,115,0
BRDA:68,0,116,0
BRDA:68,0,117,0
BRDA:68,0,118,4
BRDA:68,0,119,0
BRDA:68,0,120,0
BRDA:68,0,121,0
BRDA:68,0,122,8
BRDA:68,0,123,4
BRDA:68,0,124,0
BRDA:68,0,125,0
BRDA:68,0,126,4
BRDA:68,0,127,4
DA:69,8
BRDA:69,0,0,6
BRDA:69,0,1,8
BRDA:69,0,2,2
BRDA:69,0,3,2
DA:78,613786
BRDA:78,0,0,45920
BRDA:78,0,1,61682
BRDA:78,0,2,1081
BRDA:78,0,3,613786
DA:79,613786
BRDA:79,0,0,45920
BRDA:79,0,1,61682
BRDA:79,0,2,1081
BRDA:79,0,3,613786
DA:80,613786
BRDA:80,0,0,45920
BRDA:80,0,1,61682
BRDA:80,0,2,1081
BRDA:80,0,3,613786
DA:81,613786
BRDA:81,0,0,45920
BRDA:81,0,1,61682
BRDA:81,0,2,1081
BRDA:81,0,3,613786
DA:82,613786
BRDA:82,0,0,45920
BRDA:82,0,1,61682
BRDA:82,0,2,1081
BRDA:82,0,3,613786
DA:83,221024
BRDA:83,0,0,5620
BRDA:83,0,1,13668
BRDA:83,0,2,136
BRDA:83,0,3,221024
DA:84,134000
BRDA:84,0,0,1792
BRDA:84,0,1,1984
BRDA:84,0,2,92
BRDA:84,0,3,134000
DA:85,134000
BRDA:85,0,0,1984
BRDA:85,0,1,1792
BRDA:85,0,2,80
BRDA:85,0,3,134000
DA:86,83761
BRDA:86,0,0,36136
BRDA:86,0,1,42251
BRDA:86,0,2,248
BRDA:86,0,3,83761
DA:87,41001
BRDA:87,0,0,388
BRDA:87,0,1,387
BRDA:87,0,2,20
BRDA:87,0,3,41001
DA:88,896
BRDA:88,0,0,0
BRDA:88,0,1,896
BRDA:88,0,2,20
BRDA:88,0,3,0
DA:89,20
BRDA:89,0,0,0
BRDA:89,0,1,0
BRDA:89,0,2,20
BRDA:89,0,3,0
DA:90,20
BRDA:90,0,0,0
BRDA:90,0,1,0
BRDA:90,0,2,20
BRDA:90,0,3,0
DA:91,200
BRDA:91,0,0,0
BRDA:91,0,1,0
BRDA:91,0,2,200
BRDA:91,0,3,0
DA:92,20
BRDA:92,0,0,0
BRDA:92,0,1,0
BRDA:92,0,2,20
BRDA:92,0,3,0
DA:93,704
BRDA:93,0,0,0
BRDA:93,0,1,704
BRDA:93,0,2,100
BRDA:93,0,3,0
DA:94,125
BRDA:94,0,0,0
BRDA:94,0,1,0
BRDA:94,0,2,125
BRDA:94,0,3,0
DA:106,613784
BRDA:106,0,0,45918
BRDA:106,0,1,61681
BRDA:106,0,2,170
BRDA:106,0,3,613784
DA:107,12
BRDA:107,0,0,12
BRDA:107,0,1,6
BRDA:107,0,2,7
BRDA:107,0,3,6
DA:108,12
BRDA:108,0,0,12
BRDA:108,0,1,6
BRDA:108,0,2,7
BRDA:108,0,3,6
DA:109,613777
BRDA:109,0,0,4
BRDA:109,0,1,45902
BRDA:109,0,2,3
BRDA:109,0,3,61672
BRDA:109,0,4,4
BRDA:109,0,5,159
BRDA:109,0,6,1
BRDA:109,0,7,613777
DA:110,4
BRDA:110,0,0,4
BRDA:110,0,1,0
BRDA:110,0,2,3
BRDA:110,0,3,0
BRDA:110,0,4,4
BRDA:110,0,5,0
BRDA:110,0,6,1
BRDA:110,0,7,0
DA:111,4
BRDA:111,0,0,4
BRDA:111,0,1,3
BRDA:111,0,2,4
BRDA:111,0,3,1
DA:116,613785
BRDA:116,0,0,45919
BRDA:116,0,1,61681
BRDA:116,0,2,189
BRDA:116,0,3,613785
DA:117,26
BRDA:117,0,0,15
BRDA:117,0,1,6
BRDA:117,0,2,26
BRDA:117,0,3,7
DA:118,26
BRDA:118,0,0,15
BRDA:118,0,1,6
BRDA:118,0,2,26
BRDA:118,0,3,7
DA:119,26
BRDA:119,0,0,15
BRDA:119,0,1,6
BRDA:119,0,2,26
BRDA:119,0,3,7
DA:120,26
BRDA:120,0,0,15
BRDA:120,0,1,6
BRDA:120,0,2,26
BRDA:120,0,3,7
DA:121,26
BRDA:121,0,0,15
BRDA:121,0,1,6
BRDA:121,0,2,26
BRDA:121,0,3,7
DA:122,613777
BRDA:122,0,0,2
BRDA:122,0,1,45902
BRDA:122,0,2,4
BRDA:122,0,3,61671
BRDA:122,0,4,5
BRDA:122,0,5,158
BRDA:122,0,6,1
BRDA:122,0,7,613777
DA:123,5
BRDA:123,0,0,2
BRDA:123,0,1,4
BRDA:123,0,2,5
BRDA:123,0,3,1
DA:124,5
BRDA:124,0,0,2
BRDA:124,0,1,4
BRDA:124,0,2,5
BRDA:124,0,3,1
DA:125,5
BRDA:125,0,0,2
BRDA:125,0,1,4
BRDA:125,0,2,5
BRDA:125,0,3,1
DA:126,5
BRDA:126,0,0,2
BRDA:126,0,1,4
BRDA:126,0,2,5
BRDA:126,0,3,1
DA:127,613777
BRDA:127,0,0,45902
BRDA:127,0,1,61671
BRDA:127,0,2,158
BRDA:127,0,3,613777
DA:128,613776
BRDA:128,0,0,3
BRDA:128,0,1,45899
BRDA:128,0,2,4
BRDA:128,0,3,61667
BRDA:128,0,4,1
BRDA:128,0,5,157
BRDA:128,0,6,1
BRDA:128,0,7,613776
DA:129,4
BRDA:129,0,0,3
BRDA:129,0,1,4
BRDA:129,0,2,1
BRDA:129,0,3,1
DA:131,613769
BRDA:131,0,0,28
BRDA:131,0,1,45874
BRDA:131,0,2,30
BRDA:131,0,3,61641
BRDA:131,0,4,46
BRDA:131,0,5,112
BRDA:131,0,6,8
BRDA:131,0,7,613769
DA:132,5
BRDA:132,0,0,0
BRDA:132,0,1,1
BRDA:132,0,2,5
BRDA:132,0,3,0
DA:133,5
BRDA:133,0,0,0
BRDA:133,0,1,1
BRDA:133,0,2,5
BRDA:133,0,3,0
DA:134,5
BRDA:134,0,0,0
BRDA:134,0,1,1
BRDA:134,0,2,5
BRDA:134,0,3,0
DA:135,36
BRDA:135,0,0,28
BRDA:135,0,1,0
BRDA:135,0,2,29
BRDA:135,0,3,0
BRDA:135,0,4,36
BRDA:135,0,5,5
BRDA:135,0,6,8
BRDA:135,0,7,0
DA:136,31
BRDA:136,0,0,7
BRDA:136,0,1,21
BRDA:136,0,2,7
BRDA:136,0,3,22
BRDA:136,0,4,5
BRDA:136,0,5,31
BRDA:136,0,6,2
BRDA:136,0,7,6
DA:137,7
BRDA:137,0,0,7
BRDA:137,0,1,7
BRDA:137,0,2,5
BRDA:137,0,3,2
DA:138,7
BRDA:138,0,0,7
BRDA:138,0,1,7
BRDA:138,0,2,5
BRDA:138,0,3,2
DA:139,7
BRDA:139,0,0,7
BRDA:139,0,1,7
BRDA:139,0,2,5
BRDA:139,0,3,2
DA:140,7
BRDA:140,0,0,7
BRDA:140,0,1,7
BRDA:140,0,2,5
BRDA:140,0,3,2
DA:141,31
BRDA:141,0,0,21
BRDA:141,0,1,22
BRDA:141,0,2,31
BRDA:141,0,3,6
DA:142,31
BRDA:142,0,0,21
BRDA:142,0,1,22
BRDA:142,0,2,31
BRDA:142,0,3,6
DA:143,31
BRDA:143,0,0,21
BRDA:143,0,1,22
BRDA:143,0,2,31
BRDA:143,0,3,6
BRF:680
BRH:366
end_of_record
SF:src/reset_release.v
DA:6,2455136
BRDA:6,0,0,183666
BRDA:6,0,1,246722
BRDA:6,0,2,2455136
DA:7,8
BRDA:7,0,0,8
BRDA:7,0,1,2
BRDA:7,0,2,3
DA:8,8
BRDA:8,0,0,8
BRDA:8,0,1,2
BRDA:8,0,2,3
DA:10,8
BRDA:10,0,0,8
BRDA:10,0,1,8
BRDA:10,0,2,2
BRDA:10,0,3,2
BRDA:10,0,4,3
BRDA:10,0,5,3
DA:12,1227568
BRDA:12,0,0,91835
BRDA:12,0,1,123362
BRDA:12,0,2,1227568
DA:13,1227559
BRDA:13,0,0,91818
BRDA:13,0,1,17
BRDA:13,0,2,123354
BRDA:13,0,3,8
BRDA:13,0,4,1227559
BRDA:13,0,5,9
DA:14,17
BRDA:14,0,0,17
BRDA:14,0,1,8
BRDA:14,0,2,9
DA:16,1227559
BRDA:16,0,0,91818
BRDA:16,0,1,123354
BRDA:16,0,2,1227559
BRF:30
BRH:30
end_of_record
SF:src/rumcajs.v
DA:18,1227568
BRDA:18,0,0,91833
BRDA:18,0,1,123361
BRDA:18,0,2,1227568
DA:19,3
BRDA:19,0,0,3
BRDA:19,0,1,1
BRDA:19,0,2,1
DA:20,3
BRDA:20,0,0,3
BRDA:20,0,1,1
BRDA:20,0,2,2
DA:21,137
BRDA:21,0,0,37
BRDA:21,0,1,39
BRDA:21,0,2,31
BRDA:21,0,3,1
BRDA:21,0,4,89
BRDA:21,0,5,49
BRDA:21,0,6,35
BRDA:21,0,7,1
BRDA:21,0,8,137
BRDA:21,0,9,137
BRDA:21,0,10,93
BRDA:21,0,11,1
DA:22,1932
BRDA:22,0,0,1439
BRDA:22,0,1,1436
BRDA:22,0,2,1436
BRDA:22,0,3,1432
BRDA:22,0,4,1932
BRDA:22,0,5,1930
BRDA:22,0,6,1928
BRDA:22,0,7,1925
BRDA:22,0,8,1230
BRDA:22,0,9,1228
BRDA:22,0,10,1228
BRDA:22,0,11,1228
DA:23,174
BRDA:23,0,0,68
BRDA:23,0,1,174
BRDA:23,0,2,36
DA:24,768
BRDA:24,0,0,512
BRDA:24,0,1,768
BRDA:24,0,2,256
DA:25,17
BRDA:25,0,0,9
BRDA:25,0,1,17
BRDA:25,0,2,5
DA:26,144
BRDA:26,0,0,144
BRDA:26,0,1,76
BRDA:26,0,2,76
DA:27,8
BRDA:27,0,0,6
BRDA:27,0,1,8
BRDA:27,0,2,2
DA:28,4
BRDA:28,0,0,4
BRDA:28,0,1,2
BRDA:28,0,2,2
DA:29,1528
BRDA:29,0,0,190
BRDA:29,0,1,64
BRDA:29,0,2,1528
DA:31,3
BRDA:31,0,0,3
BRDA:31,0,1,1
BRDA:31,0,2,1
DA:32,5
BRDA:32,0,0,5
BRDA:32,0,1,1
BRDA:32,0,2,2
DA:33,5
BRDA:33,0,0,5
BRDA:33,0,1,1
BRDA:33,0,2,2
DA:34,5
BRDA:34,0,0,5
BRDA:34,0,1,1
BRDA:34,0,2,2
DA:36,7708
BRDA:36,0,0,5736
BRDA:36,0,1,7708
BRDA:36,0,2,4910
DA:37,1926
BRDA:37,0,0,1432
BRDA:37,0,1,1926
BRDA:37,0,2,1226
DA:38,1934
BRDA:38,0,0,1441
BRDA:38,0,1,1436
BRDA:38,0,2,1436
BRDA:38,0,3,1432
BRDA:38,0,4,1934
BRDA:38,0,5,1930
BRDA:38,0,6,1928
BRDA:38,0,7,1925
BRDA:38,0,8,1232
BRDA:38,0,9,1228
BRDA:38,0,10,1228
BRDA:38,0,11,1228
DA:39,61
BRDA:39,0,0,58
BRDA:39,0,1,61
BRDA:39,0,2,16
DA:40,10
BRDA:40,0,0,9
BRDA:40,0,1,10
BRDA:40,0,2,4
DA:41,22
BRDA:41,0,0,22
BRDA:41,0,1,14
BRDA:41,0,2,14
BRDA:41,0,3,0
BRDA:41,0,4,20
BRDA:41,0,5,16
BRDA:41,0,6,18
BRDA:41,0,7,2
BRDA:41,0,8,6
BRDA:41,0,9,4
BRDA:41,0,10,4
BRDA:41,0,11,0
DA:42,14
BRDA:42,0,0,12
BRDA:42,0,1,14
BRDA:42,0,2,4
DA:44,8
BRDA:44,0,0,6
BRDA:44,0,1,8
BRDA:44,0,2,2
DA:45,9
BRDA:45,0,0,7
BRDA:45,0,1,9
BRDA:45,0,2,3
DA:46,2
BRDA:46,0,0,2
BRDA:46,0,1,1
BRDA:46,0,2,0
DA:47,60
BRDA:47,0,0,56
BRDA:47,0,1,60
BRDA:47,0,2,16
DA:48,14
BRDA:48,0,0,14
BRDA:48,0,1,14
BRDA:48,0,2,4
DA:49,8
BRDA:49,0,0,8
BRDA:49,0,1,6
BRDA:49,0,2,2
DA:50,8
BRDA:50,0,0,4
BRDA:50,0,1,8
BRDA:50,0,2,2
DA:52,8
BRDA:52,0,0,6
BRDA:52,0,1,8
BRDA:52,0,2,2
DA:53,14
BRDA:53,0,0,14
BRDA:53,0,1,13
BRDA:53,0,2,8
DA:54,382
BRDA:54,0,0,256
BRDA:54,0,1,382
BRDA:54,0,2,128
DA:55,8
BRDA:55,0,0,6
BRDA:55,0,1,8
BRDA:55,0,2,2
DA:56,110
BRDA:56,0,0,68
BRDA:56,0,1,110
BRDA:56,0,2,36
DA:57,4
BRDA:57,0,0,4
BRDA:57,0,1,4
BRDA:57,0,2,2
DA:58,4
BRDA:58,0,0,4
BRDA:58,0,1,4
BRDA:58,0,2,2
DA:59,4
BRDA:59,0,0,4
BRDA:59,0,1,2
BRDA:59,0,2,2
DA:60,256
BRDA:60,0,0,256
BRDA:60,0,1,128
BRDA:60,0,2,128
DA:61,70
BRDA:61,0,0,70
BRDA:61,0,1,40
BRDA:61,0,2,40
DA:62,4
BRDA:62,0,0,4
BRDA:62,0,1,2
BRDA:62,0,2,2
DA:63,8
BRDA:63,0,0,4
BRDA:63,0,1,8
BRDA:63,0,2,2
DA:65,8
BRDA:65,0,0,6
BRDA:65,0,1,8
BRDA:65,0,2,2
DA:66,4
BRDA:66,0,0,4
BRDA:66,0,1,2
BRDA:66,0,2,2
DA:67,8
BRDA:67,0,0,4
BRDA:67,0,1,8
BRDA:67,0,2,2
DA:68,6
BRDA:68,0,0,4
BRDA:68,0,1,6
BRDA:68,0,2,2
DA:69,4
BRDA:69,0,0,4
BRDA:69,0,1,2
BRDA:69,0,2,2
DA:70,4
BRDA:70,0,0,4
BRDA:70,0,1,4
BRDA:70,0,2,2
DA:71,4
BRDA:71,0,0,4
BRDA:71,0,1,2
BRDA:71,0,2,2
DA:72,2
BRDA:72,0,0,0
BRDA:72,0,1,2
BRDA:72,0,2,0
DA:73,18
BRDA:73,0,0,14
BRDA:73,0,1,18
BRDA:73,0,2,6
DA:74,144
BRDA:74,0,0,144
BRDA:74,0,1,76
BRDA:74,0,2,76
DA:75,8
BRDA:75,0,0,6
BRDA:75,0,1,8
BRDA:75,0,2,2
DA:76,4
BRDA:76,0,0,4
BRDA:76,0,1,2
BRDA:76,0,2,2
DA:77,1528
BRDA:77,0,0,190
BRDA:77,0,1,64
BRDA:77,0,2,1528
DA:78,60
BRDA:78,0,0,56
BRDA:78,0,1,60
BRDA:78,0,2,16
DA:79,0
BRDA:79,0,0,0
BRDA:79,0,1,0
BRDA:79,0,2,0
BRF:207
BRH:199
end_of_record
SF:src/serial_link.v
DA:5,1227568
BRDA:5,0,0,91833
BRDA:5,0,1,123361
BRDA:5,0,2,78395
BRDA:5,0,3,21651
BRDA:5,0,4,1227568
DA:6,5
BRDA:6,0,0,5
BRDA:6,0,1,1
BRDA:6,0,2,2
BRDA:6,0,3,1
BRDA:6,0,4,2
DA:7,28
BRDA:7,0,0,4
BRDA:7,0,1,8
BRDA:7,0,2,28
BRDA:7,0,3,8
BRDA:7,0,4,2
DA:9,14
BRDA:9,0,0,6
BRDA:9,0,1,8
BRDA:9,0,2,14
BRDA:9,0,3,8
BRDA:9,0,4,2
DA:10,12
BRDA:10,0,0,4
BRDA:10,0,1,2
BRDA:10,0,2,12
BRDA:10,0,3,2
BRDA:10,0,4,2
DA:11,14
BRDA:11,0,0,4
BRDA:11,0,1,6
BRDA:11,0,2,14
BRDA:11,0,3,8
BRDA:11,0,4,2
DA:12,10
BRDA:12,0,0,4
BRDA:12,0,1,2
BRDA:12,0,2,10
BRDA:12,0,3,2
BRDA:12,0,4,2
DA:13,4
BRDA:13,0,0,4
BRDA:13,0,1,4
BRDA:13,0,2,2
BRDA:13,0,3,2
BRDA:13,0,4,2
DA:14,4
BRDA:14,0,0,4
BRDA:14,0,1,2
BRDA:14,0,2,2
BRDA:14,0,3,2
BRDA:14,0,4,2
DA:15,22
BRDA:15,0,0,0
BRDA:15,0,1,2
BRDA:15,0,2,22
BRDA:15,0,3,4
BRDA:15,0,4,0
DA:16,30
BRDA:16,0,0,14
BRDA:16,0,1,18
BRDA:16,0,2,30
BRDA:16,0,3,14
BRDA:16,0,4,6
DA:18,448
BRDA:18,0,0,68
BRDA:18,0,1,174
BRDA:18,0,2,448
BRDA:18,0,3,102
BRDA:18,0,4,36
DA:19,1292
BRDA:19,0,0,512
BRDA:19,0,1,768
BRDA:19,0,2,1292
BRDA:19,0,3,390
BRDA:19,0,4,256
DA:20,29
BRDA:20,0,0,9
BRDA:20,0,1,17
BRDA:20,0,2,29
BRDA:20,0,3,13
BRDA:20,0,4,5
DA:21,144
BRDA:21,0,0,144
BRDA:21,0,1,76
BRDA:21,0,2,16
BRDA:21,0,3,62
BRDA:21,0,4,76
DA:23,640
BRDA:23,0,0,256
BRDA:23,0,1,382
BRDA:23,0,2,640
BRDA:23,0,3,258
BRDA:23,0,4,128
DA:24,8
BRDA:24,0,0,6
BRDA:24,0,1,8
BRDA:24,0,2,1
BRDA:24,0,3,5
BRDA:24,0,4,2
DA:25,318
BRDA:25,0,0,68
BRDA:25,0,1,110
BRDA:25,0,2,318
BRDA:25,0,3,102
BRDA:25,0,4,36
DA:27,10
BRDA:27,0,0,4
BRDA:27,0,1,2
BRDA:27,0,2,10
BRDA:27,0,3,2
BRDA:27,0,4,2
DA:28,390
BRDA:28,0,0,256
BRDA:28,0,1,128
BRDA:28,0,2,390
BRDA:28,0,3,128
BRDA:28,0,4,128
DA:29,70
BRDA:29,0,0,70
BRDA:29,0,1,40
BRDA:29,0,2,9
BRDA:29,0,3,26
BRDA:29,0,4,40
DA:30,7
BRDA:30,0,0,4
BRDA:30,0,1,2
BRDA:30,0,2,7
BRDA:30,0,3,1
BRDA:30,0,4,2
DA:39,1292
BRDA:39,0,0,68
BRDA:39,0,1,512
BRDA:39,0,2,13
BRDA:39,0,3,174
BRDA:39,0,4,768
BRDA:39,0,5,17
BRDA:39,0,6,448
BRDA:39,0,7,1292
BRDA:39,0,8,30
BRDA:39,0,9,102
BRDA:39,0,10,390
BRDA:39,0,11,13
BRDA:39,0,12,36
BRDA:39,0,13,256
BRDA:39,0,14,6
DA:40,30
BRDA:40,0,0,13
BRDA:40,0,1,17
BRDA:40,0,2,30
BRDA:40,0,3,13
BRDA:40,0,4,6
DA:41,1292
BRDA:41,0,0,512
BRDA:41,0,1,768
BRDA:41,0,2,1292
BRDA:41,0,3,390
BRDA:41,0,4,256
DA:42,448
BRDA:42,0,0,68
BRDA:42,0,1,174
BRDA:42,0,2,448
BRDA:42,0,3,102
BRDA:42,0,4,36
DA:43,31
BRDA:43,0,0,15
BRDA:43,0,1,19
BRDA:43,0,2,31
BRDA:43,0,3,15
BRDA:43,0,4,7
DA:44,1292
BRDA:44,0,0,512
BRDA:44,0,1,768
BRDA:44,0,2,1292
BRDA:44,0,3,390
BRDA:44,0,4,256
DA:45,31
BRDA:45,0,0,14
BRDA:45,0,1,18
BRDA:45,0,2,31
BRDA:45,0,3,14
BRDA:45,0,4,7
DA:46,30
BRDA:46,0,0,14
BRDA:46,0,1,18
BRDA:46,0,2,30
BRDA:46,0,3,14
BRDA:46,0,4,6
DA:47,1292
BRDA:47,0,0,512
BRDA:47,0,1,768
BRDA:47,0,2,1292
BRDA:47,0,3,390
BRDA:47,0,4,256
DA:48,1292
BRDA:48,0,0,512
BRDA:48,0,1,768
BRDA:48,0,2,1292
BRDA:48,0,3,390
BRDA:48,0,4,256
DA:50,30
BRDA:50,0,0,14
BRDA:50,0,1,8
BRDA:50,0,2,4
BRDA:50,0,3,12
BRDA:50,0,4,8
BRDA:50,0,5,2
BRDA:50,0,6,30
BRDA:50,0,7,26
BRDA:50,0,8,10
BRDA:50,0,9,12
BRDA:50,0,10,10
BRDA:50,0,11,2
BRDA:50,0,12,6
BRDA:50,0,13,4
BRDA:50,0,14,2
DA:51,26
BRDA:51,0,0,10
BRDA:51,0,1,10
BRDA:51,0,2,26
BRDA:51,0,3,10
BRDA:51,0,4,4
DA:52,514
BRDA:52,0,0,256
BRDA:52,0,1,128
BRDA:52,0,2,64
BRDA:52,0,3,32
BRDA:52,0,4,16
BRDA:52,0,5,8
BRDA:52,0,6,8
BRDA:52,0,7,256
BRDA:52,0,8,128
BRDA:52,0,9,64
BRDA:52,0,10,32
BRDA:52,0,11,16
BRDA:52,0,12,8
BRDA:52,0,13,6
BRDA:52,0,14,514
BRDA:52,0,15,256
BRDA:52,0,16,128
BRDA:52,0,17,64
BRDA:52,0,18,32
BRDA:52,0,19,16
BRDA:52,0,20,12
BRDA:52,0,21,196
BRDA:52,0,22,96
BRDA:52,0,23,48
BRDA:52,0,24,24
BRDA:52,0,25,12
BRDA:52,0,26,6
BRDA:52,0,27,4
BRDA:52,0,28,128
BRDA:52,0,29,64
BRDA:52,0,30,32
BRDA:52,0,31,16
BRDA:52,0,32,8
BRDA:52,0,33,4
BRDA:52,0,34,4
DA:53,640
BRDA:53,0,0,256
BRDA:53,0,1,382
BRDA:53,0,2,640
BRDA:53,0,3,258
BRDA:53,0,4,128
DA:54,318
BRDA:54,0,0,68
BRDA:54,0,1,110
BRDA:54,0,2,318
BRDA:54,0,3,102
BRDA:54,0,4,36
DA:55,388
BRDA:55,0,0,256
BRDA:55,0,1,128
BRDA:55,0,2,388
BRDA:55,0,3,128
BRDA:55,0,4,128
DA:56,70
BRDA:56,0,0,70
BRDA:56,0,1,40
BRDA:56,0,2,16
BRDA:56,0,3,26
BRDA:56,0,4,40
DA:57,8
BRDA:57,0,0,4
BRDA:57,0,1,2
BRDA:57,0,2,8
BRDA:57,0,3,2
BRDA:57,0,4,2
DA:58,382
BRDA:58,0,0,256
BRDA:58,0,1,128
BRDA:58,0,2,382
BRDA:58,0,3,128
BRDA:58,0,4,128
DA:59,4
BRDA:59,0,0,4
BRDA:59,0,1,2
BRDA:59,0,2,4
BRDA:59,0,3,2
BRDA:59,0,4,2
DA:61,640
BRDA:61,0,0,256
BRDA:61,0,1,382
BRDA:61,0,2,640
BRDA:61,0,3,256
BRDA:61,0,4,128
DA:62,388
BRDA:62,0,0,256
BRDA:62,0,1,128
BRDA:62,0,2,388
BRDA:62,0,3,128
BRDA:62,0,4,128
DA:80,613785
BRDA:80,0,0,45919
BRDA:80,0,1,61681
BRDA:80,0,2,39198
BRDA:80,0,3,10826
BRDA:80,0,4,613785
DA:81,15
BRDA:81,0,0,15
BRDA:81,0,1,6
BRDA:81,0,2,4
BRDA:81,0,3,3
BRDA:81,0,4,7
DA:82,15
BRDA:82,0,0,15
BRDA:82,0,1,6
BRDA:82,0,2,4
BRDA:82,0,3,3
BRDA:82,0,4,7
DA:83,15
BRDA:83,0,0,15
BRDA:83,0,1,6
BRDA:83,0,2,4
BRDA:83,0,3,3
BRDA:83,0,4,7
DA:84,15
BRDA:84,0,0,15
BRDA:84,0,1,6
BRDA:84,0,2,4
BRDA:84,0,3,3
BRDA:84,0,4,7
DA:85,15
BRDA:85,0,0,15
BRDA:85,0,1,6
BRDA:85,0,2,4
BRDA:85,0,3,3
BRDA:85,0,4,7
DA:86,15
BRDA:86,0,0,15
BRDA:86,0,1,6
BRDA:86,0,2,4
BRDA:86,0,3,3
BRDA:86,0,4,7
DA:87,15
BRDA:87,0,0,15
BRDA:87,0,1,6
BRDA:87,0,2,4
BRDA:87,0,3,3
BRDA:87,0,4,7
DA:88,15
BRDA:88,0,0,15
BRDA:88,0,1,6
BRDA:88,0,2,4
BRDA:88,0,3,3
BRDA:88,0,4,7
DA:89,15
BRDA:89,0,0,15
BRDA:89,0,1,6
BRDA:89,0,2,4
BRDA:89,0,3,3
BRDA:89,0,4,7
DA:90,15
BRDA:90,0,0,15
BRDA:90,0,1,6
BRDA:90,0,2,4
BRDA:90,0,3,3
BRDA:90,0,4,7
DA:91,15
BRDA:91,0,0,15
BRDA:91,0,1,6
BRDA:91,0,2,4
BRDA:91,0,3,3
BRDA:91,0,4,7
DA:92,15
BRDA:92,0,0,15
BRDA:92,0,1,6
BRDA:92,0,2,4
BRDA:92,0,3,3
BRDA:92,0,4,7
DA:93,15
BRDA:93,0,0,15
BRDA:93,0,1,6
BRDA:93,0,2,4
BRDA:93,0,3,3
BRDA:93,0,4,7
DA:94,15
BRDA:94,0,0,15
BRDA:94,0,1,6
BRDA:94,0,2,4
BRDA:94,0,3,3
BRDA:94,0,4,7
DA:95,15
BRDA:95,0,0,15
BRDA:95,0,1,6
BRDA:95,0,2,4
BRDA:95,0,3,3
BRDA:95,0,4,7
DA:96,15
BRDA:96,0,0,15
BRDA:96,0,1,6
BRDA:96,0,2,4
BRDA:96,0,3,3
BRDA:96,0,4,7
DA:97,15
BRDA:97,0,0,15
BRDA:97,0,1,6
BRDA:97,0,2,4
BRDA:97,0,3,3
BRDA:97,0,4,7
DA:98,613777
BRDA:98,0,0,2
BRDA:98,0,1,45902
BRDA:98,0,2,4
BRDA:98,0,3,61671
BRDA:98,0,4,14
BRDA:98,0,5,39180
BRDA:98,0,6,8
BRDA:98,0,7,10815
BRDA:98,0,8,1
BRDA:98,0,9,613777
DA:99,14
BRDA:99,0,0,2
BRDA:99,0,1,4
BRDA:99,0,2,14
BRDA:99,0,3,8
BRDA:99,0,4,1
DA:100,14
BRDA:100,0,0,2
BRDA:100,0,1,4
BRDA:100,0,2,14
BRDA:100,0,3,8
BRDA:100,0,4,1
DA:101,14
BRDA:101,0,0,2
BRDA:101,0,1,4
BRDA:101,0,2,14
BRDA:101,0,3,8
BRDA:101,0,4,1
DA:102,14
BRDA:102,0,0,2
BRDA:102,0,1,4
BRDA:102,0,2,14
BRDA:102,0,3,8
BRDA:102,0,4,1
DA:103,14
BRDA:103,0,0,2
BRDA:103,0,1,4
BRDA:103,0,2,14
BRDA:103,0,3,8
BRDA:103,0,4,1
DA:104,14
BRDA:104,0,0,2
BRDA:104,0,1,4
BRDA:104,0,2,14
BRDA:104,0,3,8
BRDA:104,0,4,1
DA:105,14
BRDA:105,0,0,2
BRDA:105,0,1,4
BRDA:105,0,2,14
BRDA:105,0,3,8
BRDA:105,0,4,1
DA:106,14
BRDA:106,0,0,2
BRDA:106,0,1,4
BRDA:106,0,2,14
BRDA:106,0,3,8
BRDA:106,0,4,1
DA:107,14
BRDA:107,0,0,2
BRDA:107,0,1,4
BRDA:107,0,2,14
BRDA:107,0,3,8
BRDA:107,0,4,1
DA:108,14
BRDA:108,0,0,2
BRDA:108,0,1,4
BRDA:108,0,2,14
BRDA:108,0,3,8
BRDA:108,0,4,1
DA:109,14
BRDA:109,0,0,2
BRDA:109,0,1,4
BRDA:109,0,2,14
BRDA:109,0,3,8
BRDA:109,0,4,1
DA:110,14
BRDA:110,0,0,2
BRDA:110,0,1,4
BRDA:110,0,2,14
BRDA:110,0,3,8
BRDA:110,0,4,1
DA:111,14
BRDA:111,0,0,2
BRDA:111,0,1,4
BRDA:111,0,2,14
BRDA:111,0,3,8
BRDA:111,0,4,1
DA:112,14
BRDA:112,0,0,2
BRDA:112,0,1,4
BRDA:112,0,2,14
BRDA:112,0,3,8
BRDA:112,0,4,1
DA:113,14
BRDA:113,0,0,2
BRDA:113,0,1,4
BRDA:113,0,2,14
BRDA:113,0,3,8
BRDA:113,0,4,1
DA:114,14
BRDA:114,0,0,2
BRDA:114,0,1,4
BRDA:114,0,2,14
BRDA:114,0,3,8
BRDA:114,0,4,1
DA:115,613777
BRDA:115,0,0,45902
BRDA:115,0,1,61671
BRDA:115,0,2,39180
BRDA:115,0,3,10815
BRDA:115,0,4,613777
DA:116,613777
BRDA:116,0,0,45902
BRDA:116,0,1,61671
BRDA:116,0,2,39180
BRDA:116,0,3,10815
BRDA:116,0,4,613777
DA:117,613777
BRDA:117,0,0,45902
BRDA:117,0,1,61671
BRDA:117,0,2,39180
BRDA:117,0,3,10815
BRDA:117,0,4,613777
DA:118,613777
BRDA:118,0,0,45902
BRDA:118,0,1,61671
BRDA:118,0,2,39180
BRDA:118,0,3,10815
BRDA:118,0,4,613777
DA:119,613777
BRDA:119,0,0,45902
BRDA:119,0,1,61671
BRDA:119,0,2,39180
BRDA:119,0,3,10815
BRDA:119,0,4,613777
DA:120,613777
BRDA:120,0,0,45902
BRDA:120,0,1,61671
BRDA:120,0,2,39180
BRDA:120,0,3,10815
BRDA:120,0,4,613777
DA:121,613777
BRDA:121,0,0,45902
BRDA:121,0,1,61671
BRDA:121,0,2,39180
BRDA:121,0,3,10815
BRDA:121,0,4,613777
DA:123,613713
BRDA:123,0,0,128
BRDA:123,0,1,45774
BRDA:123,0,2,191
BRDA:123,0,3,61480
BRDA:123,0,4,320
BRDA:123,0,5,38860
BRDA:123,0,6,128
BRDA:123,0,7,10687
BRDA:123,0,8,64
BRDA:123,0,9,613713
DA:124,320
BRDA:124,0,0,128
BRDA:124,0,1,191
BRDA:124,0,2,320
BRDA:124,0,3,128
BRDA:124,0,4,64
DA:125,613713
BRDA:125,0,0,128
BRDA:125,0,1,45774
BRDA:125,0,2,64
BRDA:125,0,3,61607
BRDA:125,0,4,194
BRDA:125,0,5,38986
BRDA:125,0,6,64
BRDA:125,0,7,10751
BRDA:125,0,8,64
BRDA:125,0,9,613713
DA:126,194
BRDA:126,0,0,128
BRDA:126,0,1,64
BRDA:126,0,2,194
BRDA:126,0,3,64
BRDA:126,0,4,64
DA:127,194
BRDA:127,0,0,128
BRDA:127,0,1,64
BRDA:127,0,2,194
BRDA:127,0,3,64
BRDA:127,0,4,64
DA:128,194
BRDA:128,0,0,128
BRDA:128,0,1,64
BRDA:128,0,2,194
BRDA:128,0,3,64
BRDA:128,0,4,64
DA:131,613777
BRDA:131,0,0,45902
BRDA:131,0,1,61671
BRDA:131,0,2,39180
BRDA:131,0,3,10815
BRDA:131,0,4,613777
DA:132,580370
BRDA:132,0,0,28799
BRDA:132,0,1,29147
BRDA:132,0,2,9006
BRDA:132,0,3,234
BRDA:132,0,4,580370
DA:133,580370
BRDA:133,0,0,28799
BRDA:133,0,1,29147
BRDA:133,0,2,9006
BRDA:133,0,3,234
BRDA:133,0,4,580370
DA:134,580370
BRDA:134,0,0,28799
BRDA:134,0,1,29147
BRDA:134,0,2,9006
BRDA:134,0,3,234
BRDA:134,0,4,580370
DA:135,580370
BRDA:135,0,0,28799
BRDA:135,0,1,29147
BRDA:135,0,2,9006
BRDA:135,0,3,234
BRDA:135,0,4,580370
DA:136,580370
BRDA:136,0,0,28799
BRDA:136,0,1,29147
BRDA:136,0,2,9006
BRDA:136,0,3,234
BRDA:136,0,4,580370
DA:137,580370
BRDA:137,0,0,28799
BRDA:137,0,1,29147
BRDA:137,0,2,9006
BRDA:137,0,3,234
BRDA:137,0,4,580370
DA:138,580370
BRDA:138,0,0,28799
BRDA:138,0,1,29147
BRDA:138,0,2,9006
BRDA:138,0,3,234
BRDA:138,0,4,580370
DA:139,7
BRDA:139,0,0,3
BRDA:139,0,1,4
BRDA:139,0,2,7
BRDA:139,0,3,4
BRDA:139,0,4,1
DA:140,7
BRDA:140,0,0,3
BRDA:140,0,1,4
BRDA:140,0,2,7
BRDA:140,0,3,4
BRDA:140,0,4,1
DA:141,7
BRDA:141,0,0,3
BRDA:141,0,1,4
BRDA:141,0,2,7
BRDA:141,0,3,4
BRDA:141,0,4,1
DA:142,580368
BRDA:142,0,0,2
BRDA:142,0,1,28794
BRDA:142,0,2,1
BRDA:142,0,3,29142
BRDA:142,0,4,6
BRDA:142,0,5,8993
BRDA:142,0,6,1
BRDA:142,0,7,229
BRDA:142,0,8,1
BRDA:142,0,9,580368
DA:143,6
BRDA:143,0,0,2
BRDA:143,0,1,1
BRDA:143,0,2,6
BRDA:143,0,3,1
BRDA:143,0,4,1
DA:144,6
BRDA:144,0,0,2
BRDA:144,0,1,1
BRDA:144,0,2,6
BRDA:144,0,3,1
BRDA:144,0,4,1
DA:148,25015
BRDA:148,0,0,319
BRDA:148,0,1,19552
BRDA:148,0,2,147
BRDA:148,0,3,148
BRDA:148,0,4,25015
DA:149,25014
BRDA:149,0,0,317
BRDA:149,0,1,2
BRDA:149,0,2,19549
BRDA:149,0,3,3
BRDA:149,0,4,140
BRDA:149,0,5,7
BRDA:149,0,6,83
BRDA:149,0,7,65
BRDA:149,0,8,25014
BRDA:149,0,9,1
DA:150,25014
BRDA:150,0,0,317
BRDA:150,0,1,19549
BRDA:150,0,2,140
BRDA:150,0,3,83
BRDA:150,0,4,25014
DA:151,25014
BRDA:151,0,0,2
BRDA:151,0,1,317
BRDA:151,0,2,3
BRDA:151,0,3,19549
BRDA:151,0,4,7
BRDA:151,0,5,140
BRDA:151,0,6,4
BRDA:151,0,7,144
BRDA:151,0,8,1
BRDA:151,0,9,25014
DA:152,7
BRDA:152,0,0,2
BRDA:152,0,1,3
BRDA:152,0,2,7
BRDA:152,0,3,4
BRDA:152,0,4,1
DA:153,7
BRDA:153,0,0,2
BRDA:153,0,1,3
BRDA:153,0,2,7
BRDA:153,0,3,4
BRDA:153,0,4,1
DA:157,19393
BRDA:157,0,0,7720
BRDA:157,0,1,9216
BRDA:157,0,2,19393
BRDA:157,0,3,7827
BRDA:157,0,4,3860
DA:158,4
BRDA:158,0,0,2
BRDA:158,0,1,3
BRDA:158,0,2,4
BRDA:158,0,3,2
BRDA:158,0,4,1
DA:159,4
BRDA:159,0,0,2
BRDA:159,0,1,3
BRDA:159,0,2,4
BRDA:159,0,3,2
BRDA:159,0,4,1
DA:160,3
BRDA:160,0,0,2
BRDA:160,0,1,0
BRDA:160,0,2,2
BRDA:160,0,3,1
BRDA:160,0,4,1
BRDA:160,0,5,3
BRDA:160,0,6,1
BRDA:160,0,7,1
BRDA:160,0,8,1
BRDA:160,0,9,0
DA:161,2
BRDA:161,0,0,2
BRDA:161,0,1,2
BRDA:161,0,2,1
BRDA:161,0,3,1
BRDA:161,0,4,1
DA:162,2
BRDA:162,0,0,2
BRDA:162,0,1,2
BRDA:162,0,2,1
BRDA:162,0,3,1
BRDA:162,0,4,1
DA:163,2
BRDA:163,0,0,2
BRDA:163,0,1,2
BRDA:163,0,2,1
BRDA:163,0,3,1
BRDA:163,0,4,1
DA:164,3
BRDA:164,0,0,0
BRDA:164,0,1,1
BRDA:164,0,2,3
BRDA:164,0,3,1
BRDA:164,0,4,0
DA:165,3
BRDA:165,0,0,0
BRDA:165,0,1,1
BRDA:165,0,2,3
BRDA:165,0,3,1
BRDA:165,0,4,0
DA:166,3
BRDA:166,0,0,0
BRDA:166,0,1,1
BRDA:166,0,2,3
BRDA:166,0,3,1
BRDA:166,0,4,0
DA:167,3
BRDA:167,0,0,0
BRDA:167,0,1,1
BRDA:167,0,2,3
BRDA:167,0,3,1
BRDA:167,0,4,0
DA:169,19066
BRDA:169,0,0,128
BRDA:169,0,1,7590
BRDA:169,0,2,191
BRDA:169,0,3,9022
BRDA:169,0,4,323
BRDA:169,0,5,19066
BRDA:169,0,6,130
BRDA:169,0,7,7695
BRDA:169,0,8,64
BRDA:169,0,9,3795
DA:170,3
BRDA:170,0,0,0
BRDA:170,0,1,0
BRDA:170,0,2,3
BRDA:170,0,3,0
BRDA:170,0,4,0
DA:171,3
BRDA:171,0,0,0
BRDA:171,0,1,0
BRDA:171,0,2,3
BRDA:171,0,3,0
BRDA:171,0,4,0
DA:172,3
BRDA:172,0,0,0
BRDA:172,0,1,0
BRDA:172,0,2,3
BRDA:172,0,3,0
BRDA:172,0,4,0
DA:173,3
BRDA:173,0,0,0
BRDA:173,0,1,0
BRDA:173,0,2,3
BRDA:173,0,3,0
BRDA:173,0,4,0
DA:174,320
BRDA:174,0,0,0
BRDA:174,0,1,128
BRDA:174,0,2,0
BRDA:174,0,3,191
BRDA:174,0,4,0
BRDA:174,0,5,320
BRDA:174,0,6,1
BRDA:174,0,7,129
BRDA:174,0,8,0
BRDA:174,0,9,64
DA:175,1
BRDA:175,0,0,0
BRDA:175,0,1,0
BRDA:175,0,2,0
BRDA:175,0,3,1
BRDA:175,0,4,0
DA:176,1
BRDA:176,0,0,0
BRDA:176,0,1,0
BRDA:176,0,2,0
BRDA:176,0,3,1
BRDA:176,0,4,0
DA:177,1
BRDA:177,0,0,0
BRDA:177,0,1,0
BRDA:177,0,2,0
BRDA:177,0,3,1
BRDA:177,0,4,0
DA:178,320
BRDA:178,0,0,128
BRDA:178,0,1,191
BRDA:178,0,2,320
BRDA:178,0,3,129
BRDA:178,0,4,64
DA:179,320
BRDA:179,0,0,128
BRDA:179,0,1,191
BRDA:179,0,2,320
BRDA:179,0,3,129
BRDA:179,0,4,64
DA:180,320
BRDA:180,0,0,128
BRDA:180,0,1,191
BRDA:180,0,2,320
BRDA:180,0,3,129
BRDA:180,0,4,64
DA:181,320
BRDA:181,0,0,128
BRDA:181,0,1,191
BRDA:181,0,2,320
BRDA:181,0,3,129
BRDA:181,0,4,64
DA:186,1344
BRDA:186,0,0,1344
BRDA:186,0,1,668
BRDA:186,0,2,190
BRDA:186,0,3,26
BRDA:186,0,4,672
DA:187,1342
BRDA:187,0,0,1342
BRDA:187,0,1,2
BRDA:187,0,2,667
BRDA:187,0,3,1
BRDA:187,0,4,184
BRDA:187,0,5,6
BRDA:187,0,6,25
BRDA:187,0,7,1
BRDA:187,0,8,671
BRDA:187,0,9,1
DA:188,1342
BRDA:188,0,0,1342
BRDA:188,0,1,667
BRDA:188,0,2,184
BRDA:188,0,3,25
BRDA:188,0,4,671
DA:189,1342
BRDA:189,0,0,2
BRDA:189,0,1,1342
BRDA:189,0,2,1
BRDA:189,0,3,667
BRDA:189,0,4,6
BRDA:189,0,5,184
BRDA:189,0,6,1
BRDA:189,0,7,25
BRDA:189,0,8,1
BRDA:189,0,9,671
DA:190,5
BRDA:190,0,0,2
BRDA:190,0,1,0
BRDA:190,0,2,1
BRDA:190,0,3,0
BRDA:190,0,4,5
BRDA:190,0,5,1
BRDA:190,0,6,1
BRDA:190,0,7,0
BRDA:190,0,8,1
BRDA:190,0,9,0
DA:191,5
BRDA:191,0,0,2
BRDA:191,0,1,1
BRDA:191,0,2,5
BRDA:191,0,3,1
BRDA:191,0,4,1
DA:192,5
BRDA:192,0,0,2
BRDA:192,0,1,1
BRDA:192,0,2,5
BRDA:192,0,3,1
BRDA:192,0,4,1
DA:193,1
BRDA:193,0,0,0
BRDA:193,0,1,0
BRDA:193,0,2,1
BRDA:193,0,3,0
BRDA:193,0,4,0
DA:194,1
BRDA:194,0,0,0
BRDA:194,0,1,0
BRDA:194,0,2,1
BRDA:194,0,3,0
BRDA:194,0,4,0
DA:195,1
BRDA:195,0,0,0
BRDA:195,0,1,0
BRDA:195,0,2,1
BRDA:195,0,3,0
BRDA:195,0,4,0
DA:200,10388
BRDA:200,0,0,7680
BRDA:200,0,1,3072
BRDA:200,0,2,10388
BRDA:200,0,3,2560
BRDA:200,0,4,3840
DA:201,2
BRDA:201,0,0,0
BRDA:201,0,1,0
BRDA:201,0,2,2
BRDA:201,0,3,0
BRDA:201,0,4,0
DA:202,2
BRDA:202,0,0,0
BRDA:202,0,1,0
BRDA:202,0,2,2
BRDA:202,0,3,0
BRDA:202,0,4,0
DA:203,2
BRDA:203,0,0,0
BRDA:203,0,1,0
BRDA:203,0,2,2
BRDA:203,0,3,0
BRDA:203,0,4,0
DA:204,2
BRDA:204,0,0,0
BRDA:204,0,1,0
BRDA:204,0,2,2
BRDA:204,0,3,0
BRDA:204,0,4,0
DA:205,2
BRDA:205,0,0,0
BRDA:205,0,1,0
BRDA:205,0,2,2
BRDA:205,0,3,0
BRDA:205,0,4,0
DA:206,192
BRDA:206,0,0,128
BRDA:206,0,1,64
BRDA:206,0,2,192
BRDA:206,0,3,64
BRDA:206,0,4,64
DA:207,191
BRDA:207,0,0,0
BRDA:207,0,1,128
BRDA:207,0,2,0
BRDA:207,0,3,64
BRDA:207,0,4,1
BRDA:207,0,5,191
BRDA:207,0,6,0
BRDA:207,0,7,64
BRDA:207,0,8,0
BRDA:207,0,9,64
DA:208,1
BRDA:208,0,0,0
BRDA:208,0,1,0
BRDA:208,0,2,1
BRDA:208,0,3,0
BRDA:208,0,4,0
DA:209,1
BRDA:209,0,0,0
BRDA:209,0,1,0
BRDA:209,0,2,1
BRDA:209,0,3,0
BRDA:209,0,4,0
DA:210,1
BRDA:210,0,0,0
BRDA:210,0,1,0
BRDA:210,0,2,1
BRDA:210,0,3,0
BRDA:210,0,4,0
DA:211,1
BRDA:211,0,0,0
BRDA:211,0,1,0
BRDA:211,0,2,1
BRDA:211,0,3,0
BRDA:211,0,4,0
DA:212,1
BRDA:212,0,0,0
BRDA:212,0,1,0
BRDA:212,0,2,1
BRDA:212,0,3,0
BRDA:212,0,4,0
DA:213,191
BRDA:213,0,0,128
BRDA:213,0,1,64
BRDA:213,0,2,191
BRDA:213,0,3,64
BRDA:213,0,4,64
DA:214,191
BRDA:214,0,0,128
BRDA:214,0,1,64
BRDA:214,0,2,191
BRDA:214,0,3,64
BRDA:214,0,4,64
DA:215,191
BRDA:215,0,0,128
BRDA:215,0,1,64
BRDA:215,0,2,191
BRDA:215,0,3,64
BRDA:215,0,4,64
DA:216,189
BRDA:216,0,0,2
BRDA:216,0,1,126
BRDA:216,0,2,1
BRDA:216,0,3,63
BRDA:216,0,4,2
BRDA:216,0,5,189
BRDA:216,0,6,1
BRDA:216,0,7,63
BRDA:216,0,8,1
BRDA:216,0,9,63
DA:217,2
BRDA:217,0,0,2
BRDA:217,0,1,1
BRDA:217,0,2,2
BRDA:217,0,3,1
BRDA:217,0,4,1
DA:219,10003
BRDA:219,0,0,128
BRDA:219,0,1,7424
BRDA:219,0,2,64
BRDA:219,0,3,2944
BRDA:219,0,4,191
BRDA:219,0,5,10003
BRDA:219,0,6,64
BRDA:219,0,7,2432
BRDA:219,0,8,64
BRDA:219,0,9,3712
DA:220,191
BRDA:220,0,0,128
BRDA:220,0,1,64
BRDA:220,0,2,191
BRDA:220,0,3,64
BRDA:220,0,4,64
DA:221,191
BRDA:221,0,0,128
BRDA:221,0,1,64
BRDA:221,0,2,191
BRDA:221,0,3,64
BRDA:221,0,4,64
DA:222,189
BRDA:222,0,0,2
BRDA:222,0,1,126
BRDA:222,0,2,1
BRDA:222,0,3,63
BRDA:222,0,4,2
BRDA:222,0,5,189
BRDA:222,0,6,1
BRDA:222,0,7,63
BRDA:222,0,8,1
BRDA:222,0,9,63
DA:223,2
BRDA:223,0,0,2
BRDA:223,0,1,1
BRDA:223,0,2,2
BRDA:223,0,3,1
BRDA:223,0,4,1
DA:227,56
BRDA:227,0,0,40
BRDA:227,0,1,16
BRDA:227,0,2,56
BRDA:227,0,3,20
BRDA:227,0,4,20
DA:228,2
BRDA:228,0,0,2
BRDA:228,0,1,1
BRDA:228,0,2,1
BRDA:228,0,3,1
BRDA:228,0,4,1
DA:229,2
BRDA:229,0,0,2
BRDA:229,0,1,1
BRDA:229,0,2,1
BRDA:229,0,3,1
BRDA:229,0,4,1
DA:230,2
BRDA:230,0,0,2
BRDA:230,0,1,1
BRDA:230,0,2,1
BRDA:230,0,3,1
BRDA:230,0,4,1
DA:231,2
BRDA:231,0,0,2
BRDA:231,0,1,1
BRDA:231,0,2,1
BRDA:231,0,3,1
BRDA:231,0,4,1
DA:232,54
BRDA:232,0,0,0
BRDA:232,0,1,38
BRDA:232,0,2,0
BRDA:232,0,3,15
BRDA:232,0,4,1
BRDA:232,0,5,54
BRDA:232,0,6,0
BRDA:232,0,7,19
BRDA:232,0,8,0
BRDA:232,0,9,19
DA:233,1
BRDA:233,0,0,0
BRDA:233,0,1,0
BRDA:233,0,2,1
BRDA:233,0,3,0
BRDA:233,0,4,0
DA:234,1
BRDA:234,0,0,0
BRDA:234,0,1,0
BRDA:234,0,2,1
BRDA:234,0,3,0
BRDA:234,0,4,0
DA:238,0
BRDA:238,0,0,0
BRDA:238,0,1,0
BRDA:238,0,2,0
BRDA:238,0,3,0
BRDA:238,0,4,0
DA:239,0
BRDA:239,0,0,0
BRDA:239,0,1,0
BRDA:239,0,2,0
BRDA:239,0,3,0
BRDA:239,0,4,0
DA:240,0
BRDA:240,0,0,0
BRDA:240,0,1,0
BRDA:240,0,2,0
BRDA:240,0,3,0
BRDA:240,0,4,0
BRF:1035
BRH:904
end_of_record
SF:src/sync2.v
DA:7,1227568
BRDA:7,0,0,91833
BRDA:7,0,1,91833
BRDA:7,0,2,123361
BRDA:7,0,3,123361
BRDA:7,0,4,146138
BRDA:7,0,5,78395
BRDA:7,0,6,21651
BRDA:7,0,7,1227568
BRDA:7,0,8,1227568
DA:8,5
BRDA:8,0,0,5
BRDA:8,0,1,5
BRDA:8,0,2,1
BRDA:8,0,3,1
BRDA:8,0,4,1
BRDA:8,0,5,2
BRDA:8,0,6,1
BRDA:8,0,7,2
BRDA:8,0,8,2
DA:9,1511
BRDA:9,0,0,68
BRDA:9,0,1,512
BRDA:9,0,2,9
BRDA:9,0,3,37
BRDA:9,0,4,39
BRDA:9,0,5,31
BRDA:9,0,6,1
BRDA:9,0,7,174
BRDA:9,0,8,768
BRDA:9,0,9,17
BRDA:9,0,10,89
BRDA:9,0,11,49
BRDA:9,0,12,35
BRDA:9,0,13,1
BRDA:9,0,14,1491
BRDA:9,0,15,1481
BRDA:9,0,16,1511
BRDA:9,0,17,1491
BRDA:9,0,18,448
BRDA:9,0,19,1292
BRDA:9,0,20,29
BRDA:9,0,21,102
BRDA:9,0,22,390
BRDA:9,0,23,13
BRDA:9,0,24,36
BRDA:9,0,25,256
BRDA:9,0,26,5
BRDA:9,0,27,137
BRDA:9,0,28,137
BRDA:9,0,29,93
BRDA:9,0,30,1
DA:10,1511
BRDA:10,0,0,68
BRDA:10,0,1,512
BRDA:10,0,2,13
BRDA:10,0,3,41
BRDA:10,0,4,43
BRDA:10,0,5,35
BRDA:10,0,6,5
BRDA:10,0,7,174
BRDA:10,0,8,768
BRDA:10,0,9,17
BRDA:10,0,10,85
BRDA:10,0,11,49
BRDA:10,0,12,35
BRDA:10,0,13,1
BRDA:10,0,14,1491
BRDA:10,0,15,1481
BRDA:10,0,16,1511
BRDA:10,0,17,1491
BRDA:10,0,18,448
BRDA:10,0,19,1292
BRDA:10,0,20,30
BRDA:10,0,21,102
BRDA:10,0,22,390
BRDA:10,0,23,13
BRDA:10,0,24,36
BRDA:10,0,25,256
BRDA:10,0,26,6
BRDA:10,0,27,138
BRDA:10,0,28,138
BRDA:10,0,29,94
BRDA:10,0,30,2
DA:12,1511
BRDA:12,0,0,68
BRDA:12,0,1,512
BRDA:12,0,2,13
BRDA:12,0,3,41
BRDA:12,0,4,43
BRDA:12,0,5,35
BRDA:12,0,6,5
BRDA:12,0,7,174
BRDA:12,0,8,768
BRDA:12,0,9,17
BRDA:12,0,10,85
BRDA:12,0,11,49
BRDA:12,0,12,35
BRDA:12,0,13,1
BRDA:12,0,14,1491
BRDA:12,0,15,1481
BRDA:12,0,16,1511
BRDA:12,0,17,1491
BRDA:12,0,18,448
BRDA:12,0,19,1292
BRDA:12,0,20,30
BRDA:12,0,21,102
BRDA:12,0,22,390
BRDA:12,0,23,13
BRDA:12,0,24,36
BRDA:12,0,25,256
BRDA:12,0,26,6
BRDA:12,0,27,138
BRDA:12,0,28,138
BRDA:12,0,29,94
BRDA:12,0,30,2
DA:20,613785
BRDA:20,0,0,45919
BRDA:20,0,1,45919
BRDA:20,0,2,61681
BRDA:20,0,3,61681
BRDA:20,0,4,73069
BRDA:20,0,5,39198
BRDA:20,0,6,10826
BRDA:20,0,7,613785
BRDA:20,0,8,613785
DA:21,613778
BRDA:21,0,0,45904
BRDA:21,0,1,45904
BRDA:21,0,2,15
BRDA:21,0,3,15
BRDA:21,0,4,61675
BRDA:21,0,5,61675
BRDA:21,0,6,6
BRDA:21,0,7,6
BRDA:21,0,8,73066
BRDA:21,0,9,3
BRDA:21,0,10,39194
BRDA:21,0,11,4
BRDA:21,0,12,10823
BRDA:21,0,13,3
BRDA:21,0,14,613778
BRDA:21,0,15,613778
BRDA:21,0,16,7
BRDA:21,0,17,7
DA:22,15
BRDA:22,0,0,15
BRDA:22,0,1,15
BRDA:22,0,2,6
BRDA:22,0,3,6
BRDA:22,0,4,3
BRDA:22,0,5,4
BRDA:22,0,6,3
BRDA:22,0,7,7
BRDA:22,0,8,7
DA:23,15
BRDA:23,0,0,15
BRDA:23,0,1,15
BRDA:23,0,2,6
BRDA:23,0,3,6
BRDA:23,0,4,3
BRDA:23,0,5,4
BRDA:23,0,6,3
BRDA:23,0,7,7
BRDA:23,0,8,7
DA:24,613778
BRDA:24,0,0,45904
BRDA:24,0,1,45904
BRDA:24,0,2,61675
BRDA:24,0,3,61675
BRDA:24,0,4,73066
BRDA:24,0,5,39194
BRDA:24,0,6,10823
BRDA:24,0,7,613778
BRDA:24,0,8,613778
DA:25,613778
BRDA:25,0,0,45904
BRDA:25,0,1,45904
BRDA:25,0,2,61675
BRDA:25,0,3,61675
BRDA:25,0,4,73066
BRDA:25,0,5,39194
BRDA:25,0,6,10823
BRDA:25,0,7,613778
BRDA:25,0,8,613778
DA:26,613778
BRDA:26,0,0,45904
BRDA:26,0,1,45904
BRDA:26,0,2,61675
BRDA:26,0,3,61675
BRDA:26,0,4,73066
BRDA:26,0,5,39194
BRDA:26,0,6,10823
BRDA:26,0,7,613778
BRDA:26,0,8,613778
BRF:183
BRH:183
end_of_record
SF:src/szymon.v
DA:7,79693
DA:8,49
DA:9,48
DA:11,98
DA:12,97
DA:13,96
BRDA:13,0,0,95
BRDA:13,0,1,96
BRDA:13,0,2,95
BRDA:13,0,3,95
BRDA:13,0,4,95
BRDA:13,0,5,96
BRDA:13,0,6,95
BRDA:13,0,7,95
BRDA:13,0,8,96
BRDA:13,0,9,96
BRDA:13,0,10,95
BRDA:13,0,11,95
BRDA:13,0,12,95
BRDA:13,0,13,95
BRDA:13,0,14,95
BRDA:13,0,15,96
BRDA:13,0,16,95
BRDA:13,0,17,96
BRDA:13,0,18,96
BRDA:13,0,19,95
BRDA:13,0,20,95
BRDA:13,0,21,95
BRDA:13,0,22,95
BRDA:13,0,23,96
BRDA:13,0,24,96
BRDA:13,0,25,95
BRDA:13,0,26,96
BRDA:13,0,27,96
BRDA:13,0,28,95
BRDA:13,0,29,95
BRDA:13,0,30,95
BRDA:13,0,31,95
BRDA:13,0,32,95
BRDA:13,0,33,95
BRDA:13,0,34,95
BRDA:13,0,35,95
BRDA:13,0,36,96
BRDA:13,0,37,95
BRDA:13,0,38,95
BRDA:13,0,39,95
BRDA:13,0,40,95
BRDA:13,0,41,95
BRDA:13,0,42,95
BRDA:13,0,43,95
BRDA:13,0,44,96
BRDA:13,0,45,96
BRDA:13,0,46,95
BRDA:13,0,47,95
BRDA:13,0,48,95
BRDA:13,0,49,95
BRDA:13,0,50,95
BRDA:13,0,51,95
BRDA:13,0,52,95
BRDA:13,0,53,95
BRDA:13,0,54,95
BRDA:13,0,55,95
BRDA:13,0,56,96
BRDA:13,0,57,95
BRDA:13,0,58,95
BRDA:13,0,59,95
BRDA:13,0,60,95
BRDA:13,0,61,95
BRDA:13,0,62,96
BRDA:13,0,63,95
BRDA:13,0,64,95
BRDA:13,0,65,96
BRDA:13,0,66,95
BRDA:13,0,67,95
BRDA:13,0,68,95
BRDA:13,0,69,95
BRDA:13,0,70,95
BRDA:13,0,71,96
BRDA:13,0,72,95
BRDA:13,0,73,95
BRDA:13,0,74,96
BRDA:13,0,75,95
BRDA:13,0,76,95
BRDA:13,0,77,95
BRDA:13,0,78,95
BRDA:13,0,79,96
BRDA:13,0,80,96
BRDA:13,0,81,95
BRDA:13,0,82,96
BRDA:13,0,83,95
BRDA:13,0,84,95
BRDA:13,0,85,95
BRDA:13,0,86,95
BRDA:13,0,87,95
BRDA:13,0,88,95
BRDA:13,0,89,95
BRDA:13,0,90,95
BRDA:13,0,91,95
BRDA:13,0,92,96
BRDA:13,0,93,95
BRDA:13,0,94,95
BRDA:13,0,95,95
BRDA:13,0,96,95
BRDA:13,0,97,96
BRDA:13,0,98,95
BRDA:13,0,99,95
BRDA:13,0,100,95
BRDA:13,0,101,96
BRDA:13,0,102,95
BRDA:13,0,103,95
BRDA:13,0,104,95
BRDA:13,0,105,95
BRDA:13,0,106,95
BRDA:13,0,107,96
BRDA:13,0,108,95
BRDA:13,0,109,95
BRDA:13,0,110,96
BRDA:13,0,111,95
BRDA:13,0,112,95
BRDA:13,0,113,95
BRDA:13,0,114,96
BRDA:13,0,115,96
BRDA:13,0,116,96
BRDA:13,0,117,95
BRDA:13,0,118,95
BRDA:13,0,119,96
BRDA:13,0,120,95
BRDA:13,0,121,95
BRDA:13,0,122,95
BRDA:13,0,123,95
BRDA:13,0,124,95
BRDA:13,0,125,95
BRDA:13,0,126,96
BRDA:13,0,127,95
DA:15,6144
DA:16,96
DA:17,1821
DA:19,94
DA:20,96
DA:22,4
DA:23,0
DA:24,0
DA:25,0
DA:35,188
BRDA:35,0,0,188
BRDA:35,0,1,96
BRDA:35,0,2,4
DA:36,18622
BRDA:36,0,0,18606
BRDA:36,0,1,18294
BRDA:36,0,2,18230
BRDA:36,0,3,18158
BRDA:36,0,4,18082
BRDA:36,0,5,18106
BRDA:36,0,6,18038
BRDA:36,0,7,17962
BRDA:36,0,8,17990
BRDA:36,0,9,17906
BRDA:36,0,10,17846
BRDA:36,0,11,18622
BRDA:36,0,12,17766
BRDA:36,0,13,17698
BRDA:36,0,14,17730
BRDA:36,0,15,17646
BRDA:36,0,16,17566
BRDA:36,0,17,17502
BRDA:36,0,18,17422
BRDA:36,0,19,17360
BRDA:36,0,20,17376
BRDA:36,0,21,17288
BRDA:36,0,22,18566
BRDA:36,0,23,17328
BRDA:36,0,24,17252
BRDA:36,0,25,18570
BRDA:36,0,26,18510
BRDA:36,0,27,18442
BRDA:36,0,28,18470
BRDA:36,0,29,18410
BRDA:36,0,30,18338
BRDA:36,0,31,18278
DA:37,16906
BRDA:37,0,0,16906
BRDA:37,0,1,16540
BRDA:37,0,2,16570
BRDA:37,0,3,16494
BRDA:37,0,4,16410
BRDA:37,0,5,16440
BRDA:37,0,6,16362
BRDA:37,0,7,16390
BRDA:37,0,8,16402
BRDA:37,0,9,16342
BRDA:37,0,10,16266
BRDA:37,0,11,16820
BRDA:37,0,12,16280
BRDA:37,0,13,16208
BRDA:37,0,14,16238
BRDA:37,0,15,16154
BRDA:37,0,16,16176
BRDA:37,0,17,16190
BRDA:37,0,18,16218
BRDA:37,0,19,16246
BRDA:37,0,20,16262
BRDA:37,0,21,16182
BRDA:37,0,22,16746
BRDA:37,0,23,16102
BRDA:37,0,24,16134
BRDA:37,0,25,16678
BRDA:37,0,26,16598
BRDA:37,0,27,16610
BRDA:37,0,28,16646
BRDA:37,0,29,16574
BRDA:37,0,30,16600
BRDA:37,0,31,16524
DA:38,16428
BRDA:38,0,0,15706
BRDA:38,0,1,15894
BRDA:38,0,2,16254
BRDA:38,0,3,16006
BRDA:38,0,4,15804
BRDA:38,0,5,16038
BRDA:38,0,6,16338
BRDA:38,0,7,16304
BRDA:38,0,8,16340
BRDA:38,0,9,16100
BRDA:38,0,10,16094
BRDA:38,0,11,15898
BRDA:38,0,12,16028
BRDA:38,0,13,16088
BRDA:38,0,14,16246
BRDA:38,0,15,16092
BRDA:38,0,16,16200
BRDA:38,0,17,16428
BRDA:38,0,18,16144
BRDA:38,0,19,16148
BRDA:38,0,20,15780
BRDA:38,0,21,16206
BRDA:38,0,22,16052
BRDA:38,0,23,15990
BRDA:38,0,24,16068
BRDA:38,0,25,16010
BRDA:38,0,26,16148
BRDA:38,0,27,16122
BRDA:38,0,28,15978
BRDA:38,0,29,16200
BRDA:38,0,30,16130
BRDA:38,0,31,16050
DA:39,16482
BRDA:39,0,0,16098
BRDA:39,0,1,16068
BRDA:39,0,2,16180
BRDA:39,0,3,16142
BRDA:39,0,4,15990
BRDA:39,0,5,16188
BRDA:39,0,6,16300
BRDA:39,0,7,16046
BRDA:39,0,8,16410
BRDA:39,0,9,16026
BRDA:39,0,10,16206
BRDA:39,0,11,16072
BRDA:39,0,12,16154
BRDA:39,0,13,16028
BRDA:39,0,14,16348
BRDA:39,0,15,16192
BRDA:39,0,16,16084
BRDA:39,0,17,16482
BRDA:39,0,18,16192
BRDA:39,0,19,16064
BRDA:39,0,20,16110
BRDA:39,0,21,16164
BRDA:39,0,22,16090
BRDA:39,0,23,16158
BRDA:39,0,24,15964
BRDA:39,0,25,16230
BRDA:39,0,26,16204
BRDA:39,0,27,16288
BRDA:39,0,28,15992
BRDA:39,0,29,16240
BRDA:39,0,30,16158
BRDA:39,0,31,16150
DA:40,16508
BRDA:40,0,0,16114
BRDA:40,0,1,16076
BRDA:40,0,2,16190
BRDA:40,0,3,16252
BRDA:40,0,4,16000
BRDA:40,0,5,16204
BRDA:40,0,6,16322
BRDA:40,0,7,16056
BRDA:40,0,8,16432
BRDA:40,0,9,16040
BRDA:40,0,10,16218
BRDA:40,0,11,16082
BRDA:40,0,12,16268
BRDA:40,0,13,16040
BRDA:40,0,14,16372
BRDA:40,0,15,16208
BRDA:40,0,16,16100
BRDA:40,0,17,16508
BRDA:40,0,18,16210
BRDA:40,0,19,16078
BRDA:40,0,20,16218
BRDA:40,0,21,16182
BRDA:40,0,22,16104
BRDA:40,0,23,16174
BRDA:40,0,24,15974
BRDA:40,0,25,16248
BRDA:40,0,26,16316
BRDA:40,0,27,16308
BRDA:40,0,28,16002
BRDA:40,0,29,16258
BRDA:40,0,30,16172
BRDA:40,0,31,16166
DA:41,16520
BRDA:41,0,0,16116
BRDA:41,0,1,16070
BRDA:41,0,2,16194
BRDA:41,0,3,16254
BRDA:41,0,4,15996
BRDA:41,0,5,16206
BRDA:41,0,6,16330
BRDA:41,0,7,16052
BRDA:41,0,8,16440
BRDA:41,0,9,16040
BRDA:41,0,10,16224
BRDA:41,0,11,16078
BRDA:41,0,12,16274
BRDA:41,0,13,16038
BRDA:41,0,14,16382
BRDA:41,0,15,16210
BRDA:41,0,16,16102
BRDA:41,0,17,16520
BRDA:41,0,18,16214
BRDA:41,0,19,16086
BRDA:41,0,20,16218
BRDA:41,0,21,16186
BRDA:41,0,22,16104
BRDA:41,0,23,16176
BRDA:41,0,24,15970
BRDA:41,0,25,16260
BRDA:41,0,26,16320
BRDA:41,0,27,16314
BRDA:41,0,28,15998
BRDA:41,0,29,16262
BRDA:41,0,30,16172
BRDA:41,0,31,16168
DA:42,36512
BRDA:42,0,0,36512
BRDA:42,0,1,18256
BRDA:42,0,2,9128
BRDA:42,0,3,4520
BRDA:42,0,4,2260
BRDA:42,0,5,96
DA:43,1056
BRDA:43,0,0,1056
BRDA:43,0,1,528
BRDA:43,0,2,260
BRDA:43,0,3,132
BRDA:43,0,4,60
BRDA:43,0,5,28
DA:45,1057
DA:46,18706
DA:47,17678
DA:48,13
DA:49,16163
DA:54,16428
BRDA:54,0,0,15898
BRDA:54,0,1,16254
BRDA:54,0,2,16006
BRDA:54,0,3,15804
BRDA:54,0,4,16038
BRDA:54,0,5,16338
BRDA:54,0,6,16304
BRDA:54,0,7,16340
BRDA:54,0,8,16100
BRDA:54,0,9,16094
BRDA:54,0,10,16028
BRDA:54,0,11,16052
BRDA:54,0,12,16088
BRDA:54,0,13,16246
BRDA:54,0,14,16092
BRDA:54,0,15,16200
BRDA:54,0,16,16428
BRDA:54,0,17,16144
BRDA:54,0,18,16148
BRDA:54,0,19,15780
BRDA:54,0,20,16206
BRDA:54,0,21,15990
BRDA:54,0,22,16010
BRDA:54,0,23,16068
BRDA:54,0,24,16163
BRDA:54,0,25,16148
BRDA:54,0,26,16122
BRDA:54,0,27,15978
BRDA:54,0,28,16200
BRDA:54,0,29,16130
BRDA:54,0,30,16050
BRDA:54,0,31,15894
DA:55,16482
BRDA:55,0,0,16072
BRDA:55,0,1,16180
BRDA:55,0,2,16142
BRDA:55,0,3,15990
BRDA:55,0,4,16188
BRDA:55,0,5,16300
BRDA:55,0,6,16046
BRDA:55,0,7,16410
BRDA:55,0,8,16026
BRDA:55,0,9,16206
BRDA:55,0,10,16154
BRDA:55,0,11,16090
BRDA:55,0,12,16028
BRDA:55,0,13,16348
BRDA:55,0,14,16192
BRDA:55,0,15,16084
BRDA:55,0,16,16482
BRDA:55,0,17,16192
BRDA:55,0,18,16064
BRDA:55,0,19,16110
BRDA:55,0,20,16164
BRDA:55,0,21,16158
BRDA:55,0,22,16230
BRDA:55,0,23,15964
BRDA:55,0,24,16098
BRDA:55,0,25,16204
BRDA:55,0,26,16288
BRDA:55,0,27,15992
BRDA:55,0,28,16240
BRDA:55,0,29,16158
BRDA:55,0,30,16150
BRDA:55,0,31,16068
DA:56,16508
BRDA:56,0,0,16082
BRDA:56,0,1,16190
BRDA:56,0,2,16252
BRDA:56,0,3,16000
BRDA:56,0,4,16204
BRDA:56,0,5,16322
BRDA:56,0,6,16056
BRDA:56,0,7,16432
BRDA:56,0,8,16040
BRDA:56,0,9,16218
BRDA:56,0,10,16268
BRDA:56,0,11,16104
BRDA:56,0,12,16040
BRDA:56,0,13,16372
BRDA:56,0,14,16208
BRDA:56,0,15,16100
BRDA:56,0,16,16508
BRDA:56,0,17,16210
BRDA:56,0,18,16078
BRDA:56,0,19,16218
BRDA:56,0,20,16182
BRDA:56,0,21,16174
BRDA:56,0,22,16248
BRDA:56,0,23,15974
BRDA:56,0,24,16114
BRDA:56,0,25,16316
BRDA:56,0,26,16308
BRDA:56,0,27,16002
BRDA:56,0,28,16258
BRDA:56,0,29,16172
BRDA:56,0,30,16166
BRDA:56,0,31,16076
DA:57,16520
BRDA:57,0,0,16078
BRDA:57,0,1,16194
BRDA:57,0,2,16254
BRDA:57,0,3,15996
BRDA:57,0,4,16206
BRDA:57,0,5,16330
BRDA:57,0,6,16052
BRDA:57,0,7,16440
BRDA:57,0,8,16040
BRDA:57,0,9,16224
BRDA:57,0,10,16274
BRDA:57,0,11,16104
BRDA:57,0,12,16038
BRDA:57,0,13,16382
BRDA:57,0,14,16210
BRDA:57,0,15,16102
BRDA:57,0,16,16520
BRDA:57,0,17,16214
BRDA:57,0,18,16086
BRDA:57,0,19,16218
BRDA:57,0,20,16186
BRDA:57,0,21,16176
BRDA:57,0,22,16260
BRDA:57,0,23,15970
BRDA:57,0,24,16116
BRDA:57,0,25,16320
BRDA:57,0,26,16314
BRDA:57,0,27,15998
BRDA:57,0,28,16262
BRDA:57,0,29,16172
BRDA:57,0,30,16168
BRDA:57,0,31,16070
DA:66,39871
DA:67,51
DA:68,51
DA:69,51
DA:70,51
DA:71,51
DA:72,51
DA:73,51
DA:74,51
DA:75,51
DA:76,51
DA:77,39796
BRDA:77,0,0,24
BRDA:77,0,1,39796
DA:78,24
DA:79,24
DA:80,24
DA:81,24
DA:82,24
DA:83,24
DA:84,24
DA:85,24
DA:86,24
DA:87,39796
DA:88,39796
DA:89,146
DA:90,146
DA:91,146
DA:92,146
DA:93,146
DA:94,98
BRDA:94,0,0,48
BRDA:94,0,1,98
DA:95,48
DA:96,48
DA:97,48
DA:98,48
DA:99,48
DA:100,98
DA:101,98
DA:102,98
DA:103,98
DA:104,98
DA:108,6148
DA:109,3076
BRDA:109,0,0,3072
BRDA:109,0,1,3076
DA:110,3072
DA:111,3072
DA:112,3024
BRDA:112,0,0,48
BRDA:112,0,1,3024
DA:113,48
DA:114,48
DA:115,3024
DA:116,3024
DA:121,103
DA:122,57
BRDA:122,0,0,46
BRDA:122,0,1,57
DA:123,46
DA:124,46
DA:125,46
DA:129,33396
DA:130,17050
BRDA:130,0,0,17050
BRDA:130,0,1,16346
DA:131,17050
DA:132,17050
DA:133,16346
DA:134,16346
DA:135,16346
DA:138,32362
BRDA:138,0,0,1034
BRDA:138,0,1,32362
DA:139,1034
DA:140,1034
DA:141,1034
DA:142,1034
DA:143,1034
DA:144,1032
BRDA:144,0,0,2
BRDA:144,0,1,1032
DA:145,2
DA:146,2
DA:147,1032
DA:148,1032
DA:150,32362
DA:151,32362
DA:152,32362
DA:153,32362
DA:154,32362
DA:155,32362
DA:159,3
DA:160,3
BRDA:160,0,0,0
BRDA:160,0,1,3
DA:161,0
DA:162,0
DA:163,0
BRDA:163,0,0,0
BRDA:163,0,1,0
DA:164,0
DA:165,0
DA:166,0
DA:167,0
DA:168,0
DA:169,0
DA:170,0
DA:171,0
DA:172,0
DA:173,0
DA:174,0
DA:179,0
DA:180,0
DA:181,0
DA:182,0
DA:183,0
DA:184,0
DA:185,0
DA:186,0
DA:187,0
DA:188,0
BRF:483
BRH:480
end_of_record
SF:src/szymon_fixed.v
DA:11,1227568
BRDA:11,0,0,91833
BRDA:11,0,1,123361
BRDA:11,0,2,397704
BRDA:11,0,3,1227568
DA:12,5
BRDA:12,0,0,5
BRDA:12,0,1,1
BRDA:12,0,2,3
BRDA:12,0,3,2
DA:13,58
BRDA:13,0,0,4
BRDA:13,0,1,8
BRDA:13,0,2,58
BRDA:13,0,3,2
DA:15,66
BRDA:15,0,0,6
BRDA:15,0,1,8
BRDA:15,0,2,66
BRDA:15,0,3,2
DA:16,67
BRDA:16,0,0,14
BRDA:16,0,1,13
BRDA:16,0,2,67
BRDA:16,0,3,8
DA:18,382
BRDA:18,0,0,256
BRDA:18,0,1,382
BRDA:18,0,2,64
BRDA:18,0,3,128
DA:19,64
BRDA:19,0,0,6
BRDA:19,0,1,8
BRDA:19,0,2,64
BRDA:19,0,3,2
DA:20,110
BRDA:20,0,0,68
BRDA:20,0,1,110
BRDA:20,0,2,75
BRDA:20,0,3,36
DA:22,60
BRDA:22,0,0,4
BRDA:22,0,1,4
BRDA:22,0,2,60
BRDA:22,0,3,2
DA:23,60
BRDA:23,0,0,4
BRDA:23,0,1,4
BRDA:23,0,2,60
BRDA:23,0,3,2
DA:25,4
BRDA:25,0,0,4
BRDA:25,0,1,2
BRDA:25,0,2,4
BRDA:25,0,3,2
DA:26,256
BRDA:26,0,0,256
BRDA:26,0,1,128
BRDA:26,0,2,4
BRDA:26,0,3,128
DA:27,70
BRDA:27,0,0,70
BRDA:27,0,1,40
BRDA:27,0,2,52
BRDA:27,0,3,40
DA:28,4
BRDA:28,0,0,4
BRDA:28,0,1,2
BRDA:28,0,2,4
BRDA:28,0,3,2
DA:38,0
BRDA:38,0,0,0
BRDA:38,0,1,0
BRDA:38,0,2,0
BRDA:38,0,3,0
DA:46,0
BRDA:46,0,0,0
BRDA:46,0,1,0
BRDA:46,0,2,0
BRDA:46,0,3,0
DA:47,0
BRDA:47,0,0,0
BRDA:47,0,1,0
BRDA:47,0,2,0
BRDA:47,0,3,0
DA:48,0
BRDA:48,0,0,0
BRDA:48,0,1,0
BRDA:48,0,2,0
BRDA:48,0,3,0
DA:49,0
BRDA:49,0,0,0
BRDA:49,0,1,0
BRDA:49,0,2,0
BRDA:49,0,3,0
BRDA:49,0,4,0
BRDA:49,0,5,0
BRDA:49,0,6,0
BRDA:49,0,7,0
DA:50,0
BRDA:50,0,0,0
BRDA:50,0,1,0
BRDA:50,0,2,0
BRDA:50,0,3,0
DA:51,0
BRDA:51,0,0,0
BRDA:51,0,1,0
BRDA:51,0,2,0
BRDA:51,0,3,0
DA:52,0
BRDA:52,0,0,0
BRDA:52,0,1,0
BRDA:52,0,2,0
BRDA:52,0,3,0
DA:53,0
BRDA:53,0,0,0
BRDA:53,0,1,0
[...]
DA:65,1
DA:66,1
DA:67,1
DA:68,1
DA:69,1
DA:70,1
DA:73,9
BRDA:73,0,0,1
BRDA:73,0,1,9
DA:74,9
DA:75,9
DA:76,9
DA:77,9
DA:78,9
DA:82,9
BRDA:82,0,0,1
BRDA:82,0,1,9
DA:83,9
DA:84,9
DA:86,18
BRDA:86,0,0,9
BRDA:86,0,1,18
DA:90,1
DA:91,2
BRDA:91,0,0,1
BRDA:91,0,1,2
DA:92,1
DA:93,1
DA:94,1
DA:95,1
DA:96,1
BRF:72
BRH:71
end_of_record
SF:test/unit/tb_buzzer_params.sv
DA:3,22
BRDA:3,0,0,1
BRDA:3,0,1,2
BRDA:3,0,2,1
BRDA:3,0,3,2
BRDA:3,0,4,1
BRDA:3,0,5,6
BRDA:3,0,6,1
BRDA:3,0,7,2
BRDA:3,0,8,1
BRDA:3,0,9,22
DA:4,4
BRDA:4,0,0,4
BRDA:4,0,1,2
BRDA:4,0,2,4
BRDA:4,0,3,2
BRDA:4,0,4,2
BRDA:4,0,5,2
BRDA:4,0,6,2
BRDA:4,0,7,2
DA:13,22
DA:14,3
DA:15,1
DA:16,1
DA:17,2
BRDA:17,0,0,1
BRDA:17,0,1,2
DA:18,1
DA:19,1
DA:21,1
DA:22,1
DA:23,1
DA:24,1
DA:25,1
DA:26,1
DA:27,1
DA:28,1
DA:29,1
DA:30,1
DA:31,1
DA:33,1
BRF:20
BRH:20
end_of_record
SF:test/unit/tb_kb_edges.sv
DA:3,146138
BRDA:3,0,0,1
BRDA:3,0,1,1
BRDA:3,0,2,1
BRDA:3,0,3,3
BRDA:3,0,4,1
BRDA:3,0,5,650
BRDA:3,0,6,1
BRDA:3,0,7,24136
BRDA:3,0,8,1
BRDA:3,0,9,42
BRDA:3,0,10,1
BRDA:3,0,11,146138
DA:4,112
BRDA:4,0,0,112
BRDA:4,0,1,104
BRDA:4,0,2,104
BRDA:4,0,3,104
BRDA:4,0,4,104
BRDA:4,0,5,104
BRDA:4,0,6,104
BRDA:4,0,7,108
BRDA:4,0,8,108
BRDA:4,0,9,106
BRDA:4,0,10,106
BRDA:4,0,11,104
BRDA:4,0,12,110
BRDA:4,0,13,106
BRDA:4,0,14,104
BRDA:4,0,15,112
BRDA:4,0,16,1
DA:5,6684
BRDA:5,0,0,1491
BRDA:5,0,1,1481
BRDA:5,0,2,1511
BRDA:5,0,3,1491
BRDA:5,0,4,6684
BRDA:5,0,5,6034
BRDA:5,0,6,6034
BRDA:5,0,7,6034
BRDA:5,0,8,40
BRDA:5,0,9,19
BRDA:5,0,10,25
BRDA:5,0,11,22
BRDA:5,0,12,18
DA:7,292277
DA:9,292277
DA:10,292277
DA:11,2338216
BRDA:11,0,0,2338216
BRDA:11,0,1,292277
DA:12,37411456
BRDA:12,0,0,2338216
BRDA:12,0,1,9352864
BRDA:12,0,2,37411456
DA:13,36726196
BRDA:13,0,0,685260
BRDA:13,0,1,36726196
DA:14,685260
DA:16,292277
DA:22,146138
DA:23,73069
DA:24,73069
DA:25,73049
BRDA:25,0,0,73049
BRDA:25,0,1,20
DA:27,12068
DA:28,36204
BRDA:28,0,0,12068
BRDA:28,0,1,36204
BRDA:28,0,2,24099
DA:29,12068
DA:30,12068
DA:32,1011
DA:33,12068
BRDA:33,0,0,1011
BRDA:33,0,1,12068
BRDA:33,0,2,3017
DA:35,324
DA:36,324
DA:37,324
DA:39,20
DA:40,20
DA:42,300
DA:43,300
DA:44,300
DA:46,1
DA:47,3
BRDA:47,0,0,1
BRDA:47,0,1,3
DA:50,1
DA:51,1
DA:52,1
DA:53,1
DA:54,1
BRDA:54,0,0,1
BRDA:54,0,1,1
DA:55,1
DA:56,1
BRDA:56,0,0,1
BRDA:56,0,1,1
DA:59,16
BRDA:59,0,0,1
BRDA:59,0,1,16
DA:60,16
DA:61,16
DA:62,16
BRDA:62,0,0,16
BRDA:62,0,1,16
DA:66,120
BRDA:66,0,0,1
BRDA:66,0,1,120
BRDA:66,0,2,16
DA:67,120
DA:70,6
BRDA:70,0,0,1
BRDA:70,0,1,6
BRDA:70,0,2,4
DA:71,36
BRDA:71,0,0,6
BRDA:71,0,1,24
BRDA:71,0,2,36
DA:72,36
DA:73,36
DA:74,144
BRDA:74,0,0,36
BRDA:74,0,1,144
DA:75,144
DA:79,1
DA:80,1
DA:81,1
DA:82,1
DA:83,1
DA:84,1
DA:85,1
DA:86,1
DA:89,1
DA:90,1
DA:91,1
DA:92,1
DA:93,1
BRDA:93,0,0,1
BRDA:93,0,1,1
DA:96,1
DA:97,1
BRDA:97,0,0,1
BRDA:97,0,1,1
DA:98,1
DA:99,6
BRDA:99,0,0,1
BRDA:99,0,1,6
DA:100,1
BRDA:100,0,0,1
BRDA:100,0,1,1
DA:101,1
BRDA:101,0,0,1
BRDA:101,0,1,1
DA:104,1
DA:105,1
DA:106,1
BRDA:106,0,0,1
BRDA:106,0,1,1
DA:107,1
BRDA:107,0,0,1
BRDA:107,0,1,1
DA:108,1
DA:109,1
DA:111,1
BRF:92
BRH:92
end_of_record
SF:test/unit/tb_regs_matrix.sv
DA:3,330
BRDA:3,0,0,1
BRDA:3,0,1,11
BRDA:3,0,2,1
BRDA:3,0,3,49
BRDA:3,0,4,1
BRDA:3,0,5,2
BRDA:3,0,6,1
BRDA:3,0,7,96
BRDA:3,0,8,1
BRDA:3,0,9,10
BRDA:3,0,10,1
BRDA:3,0,11,10
BRDA:3,0,12,330
BRDA:3,0,13,1
DA:4,30
BRDA:4,0,0,30
BRDA:4,0,1,26
BRDA:4,0,2,20
BRDA:4,0,3,18
BRDA:4,0,4,1
DA:5,82
BRDA:5,0,0,4
BRDA:5,0,1,2
BRDA:5,0,2,0
BRDA:5,0,3,82
BRDA:5,0,4,22
BRDA:5,0,5,20
DA:9,330
DA:10,165
BRDA:10,0,0,41
BRDA:10,0,1,124
BRDA:10,0,2,165
BRDA:10,0,3,5
BRDA:10,0,4,160
DA:11,16
DA:12,16
DA:13,16
DA:15,10
DA:16,10
BRDA:16,0,0,10
BRDA:16,0,1,1
BRDA:16,0,2,1
BRDA:16,0,3,1
BRDA:16,0,4,1
BRDA:16,0,5,1
DA:17,1
BRDA:17,0,0,1
BRDA:17,0,1,1
BRDA:17,0,2,1
BRDA:17,0,3,1
BRDA:17,0,4,1
DA:18,0
DA:20,22
DA:21,22
BRDA:21,0,0,22
BRDA:21,0,1,7
BRDA:21,0,2,6
BRDA:21,0,3,5
BRDA:21,0,4,4
DA:23,46
DA:24,46
BRDA:24,0,0,46
BRDA:24,0,1,0
DA:25,46
DA:27,20
DA:28,20
BRDA:28,0,0,20
BRDA:28,0,1,20
DA:29,40
BRDA:29,0,0,20
BRDA:29,0,1,40
DA:31,5
DA:32,5
DA:33,5
DA:34,10
BRDA:34,0,0,5
BRDA:34,0,1,10
DA:36,5
DA:37,5
DA:38,5
DA:40,1
DA:41,2
BRDA:41,0,0,1
BRDA:41,0,1,2
DA:43,16
BRDA:43,0,0,1
BRDA:43,0,1,16
DA:44,16
DA:45,10
DA:46,10
DA:48,1
DA:49,1
DA:50,5
DA:52,16
DA:56,4
BRDA:56,0,0,1
BRDA:56,0,1,4
DA:57,4
DA:58,6
BRDA:58,0,0,4
BRDA:58,0,1,6
DA:59,4
DA:60,4
DA:65,4
BRDA:65,0,0,1
BRDA:65,0,1,4
DA:66,4
DA:67,16
BRDA:67,0,0,4
BRDA:67,0,1,16
DA:68,12
BRDA:68,0,0,4
BRDA:68,0,1,12
DA:69,4
DA:71,4
DA:72,20
BRDA:72,0,0,4
BRDA:72,0,1,20
DA:73,20
DA:76,4
DA:80,4
BRDA:80,0,0,1
BRDA:80,0,1,4
DA:81,1
DA:82,8
BRDA:82,0,0,1
BRDA:82,0,1,8
DA:83,1
DA:85,1
DA:86,1
DA:87,5
BRDA:87,0,0,1
BRDA:87,0,1,5
DA:88,1
DA:89,1
BRF:76
BRH:74
end_of_record
SF:test/unit/tb_serial_lengths.sv
DA:3,78395
BRDA:3,0,0,1
BRDA:3,0,1,2
BRDA:3,0,2,1
BRDA:3,0,3,28
BRDA:3,0,4,1
BRDA:3,0,5,14
BRDA:3,0,6,1
BRDA:3,0,7,12
BRDA:3,0,8,1
BRDA:3,0,9,78395
DA:4,30
BRDA:4,0,0,14
BRDA:4,0,1,10
BRDA:4,0,2,2
BRDA:4,0,3,2
BRDA:4,0,4,22
BRDA:4,0,5,30
DA:5,1292
BRDA:5,0,0,1
BRDA:5,0,1,1292
BRDA:5,0,2,1
BRDA:5,0,3,29
BRDA:5,0,4,1
BRDA:5,0,5,1
BRDA:5,0,6,1
BRDA:5,0,7,10
BRDA:5,0,8,1
BRDA:5,0,9,448
DA:6,640
BRDA:6,0,0,16
BRDA:6,0,1,640
BRDA:6,0,2,318
BRDA:6,0,3,390
DA:7,2
BRDA:7,0,0,1
BRDA:7,0,1,0
BRDA:7,0,2,0
BRDA:7,0,3,0
BRDA:7,0,4,0
BRDA:7,0,5,0
BRDA:7,0,6,0
BRDA:7,0,7,0
BRDA:7,0,8,0
BRDA:7,0,9,0
BRDA:7,0,10,0
BRDA:7,0,11,0
BRDA:7,0,12,0
BRDA:7,0,13,0
BRDA:7,0,14,0
BRDA:7,0,15,0
BRDA:7,0,16,0
BRDA:7,0,17,0
BRDA:7,0,18,0
BRDA:7,0,19,0
BRDA:7,0,20,0
BRDA:7,0,21,0
BRDA:7,0,22,0
BRDA:7,0,23,0
BRDA:7,0,24,0
BRDA:7,0,25,0
BRDA:7,0,26,0
BRDA:7,0,27,0
BRDA:7,0,28,0
BRDA:7,0,29,0
BRDA:7,0,30,0
BRDA:7,0,31,0
BRDA:7,0,32,0
BRDA:7,0,33,0
BRDA:7,0,34,0
BRDA:7,0,35,0
BRDA:7,0,36,0
BRDA:7,0,37,0
BRDA:7,0,38,0
BRDA:7,0,39,0
BRDA:7,0,40,0
BRDA:7,0,41,0
BRDA:7,0,42,0
BRDA:7,0,43,0
BRDA:7,0,44,0
BRDA:7,0,45,0
BRDA:7,0,46,0
BRDA:7,0,47,0
BRDA:7,0,48,0
BRDA:7,0,49,0
BRDA:7,0,50,0
BRDA:7,0,51,0
BRDA:7,0,52,0
BRDA:7,0,53,0
BRDA:7,0,54,0
BRDA:7,0,55,0
BRDA:7,0,56,0
BRDA:7,0,57,0
BRDA:7,0,58,0
BRDA:7,0,59,2
BRDA:7,0,60,0
BRDA:7,0,61,0
BRDA:7,0,62,0
BRDA:7,0,63,0
DA:9,9
DA:10,7
DA:14,78395
DA:15,39198
DA:16,38878
BRDA:16,0,0,38878
BRDA:16,0,1,320
DA:17,39196
BRDA:17,0,0,39196
BRDA:17,0,1,2
DA:18,39187
BRDA:18,0,0,39187
BRDA:18,0,1,11
DA:19,39004
BRDA:19,0,0,39004
BRDA:19,0,1,194
DA:20,190
BRDA:20,0,0,4
BRDA:20,0,1,190
DA:22,39198
DA:24,39168
BRDA:24,0,0,1995
BRDA:24,0,1,39168
DA:25,14
DA:26,14
DA:27,14
DA:28,14
DA:31,7
DA:32,6
DA:33,646
DA:34,646
DA:36,7
DA:38,7
DA:39,7
DA:40,7
DA:41,448
BRDA:41,0,0,7
BRDA:41,0,1,448
DA:42,7
DA:43,1
DA:44,1
DA:47,6
DA:52,4
DA:54,4
DA:55,4
DA:56,4
DA:57,192
BRDA:57,0,0,4
BRDA:57,0,1,192
DA:58,192
DA:59,191
BRDA:59,0,0,191
BRDA:59,0,1,1
DA:61,4
DA:62,1
DA:63,1
DA:65,3
DA:68,4
DA:72,0
DA:73,1
DA:74,1
DA:75,3
BRDA:75,0,0,1
BRDA:75,0,1,3
DA:77,4
BRDA:77,0,0,1
BRDA:77,0,1,4
DA:78,1
DA:79,1
DA:80,1
DA:81,1
DA:82,1
DA:83,1
DA:84,1
DA:85,1
DA:86,1
DA:87,1
DA:88,1
DA:89,1
DA:90,1
DA:92,1
DA:93,1
DA:94,1
DA:96,1
DA:97,1
DA:98,1
BRDA:98,0,0,1
BRDA:98,0,1,1
DA:99,1
BRF:118
BRH:56
end_of_record
SF:test/unit/tb_serial_link.sv
DA:4,21651
BRDA:4,0,0,1
BRDA:4,0,1,1
BRDA:4,0,2,1
BRDA:4,0,3,8
BRDA:4,0,4,1
BRDA:4,0,5,8
BRDA:4,0,6,1
BRDA:4,0,7,2
BRDA:4,0,8,1
BRDA:4,0,9,21651
DA:5,14
BRDA:5,0,0,8
BRDA:5,0,1,2
BRDA:5,0,2,2
BRDA:5,0,3,2
BRDA:5,0,4,4
BRDA:5,0,5,14
DA:6,390
BRDA:6,0,0,1
BRDA:6,0,1,390
BRDA:6,0,2,1
BRDA:6,0,3,13
BRDA:6,0,4,1
BRDA:6,0,5,102
DA:7,258
BRDA:7,0,0,62
BRDA:7,0,1,258
BRDA:7,0,2,102
BRDA:7,0,3,128
DA:8,26
BRDA:8,0,0,1
BRDA:8,0,1,2
BRDA:8,0,2,1
BRDA:8,0,3,26
BRDA:8,0,4,1
BRDA:8,0,5,1
BRDA:8,0,6,1
BRDA:8,0,7,5
DA:9,102
BRDA:9,0,0,102
BRDA:9,0,1,86
BRDA:9,0,2,85
BRDA:9,0,3,82
BRDA:9,0,4,81
BRDA:9,0,5,80
BRDA:9,0,6,77
BRDA:9,0,7,76
BRDA:9,0,8,75
BRDA:9,0,9,74
BRDA:9,0,10,71
BRDA:9,0,11,99
BRDA:9,0,12,70
BRDA:9,0,13,69
BRDA:9,0,14,68
BRDA:9,0,15,65
BRDA:9,0,16,64
BRDA:9,0,17,63
BRDA:9,0,18,62
BRDA:9,0,19,61
BRDA:9,0,20,60
BRDA:9,0,21,59
BRDA:9,0,22,98
BRDA:9,0,23,56
BRDA:9,0,24,55
BRDA:9,0,25,54
BRDA:9,0,26,53
BRDA:9,0,27,52
BRDA:9,0,28,51
BRDA:9,0,29,48
BRDA:9,0,30,47
BRDA:9,0,31,46
BRDA:9,0,32,43
BRDA:9,0,33,95
BRDA:9,0,34,42
BRDA:9,0,35,39
BRDA:9,0,36,38
BRDA:9,0,37,37
BRDA:9,0,38,34
BRDA:9,0,39,33
BRDA:9,0,40,32
BRDA:9,0,41,29
BRDA:9,0,42,28
BRDA:9,0,43,27
BRDA:9,0,44,94
BRDA:9,0,45,24
BRDA:9,0,46,23
BRDA:9,0,47,20
BRDA:9,0,48,19
BRDA:9,0,49,18
BRDA:9,0,50,15
BRDA:9,0,51,14
BRDA:9,0,52,11
BRDA:9,0,53,10
BRDA:9,0,54,7
BRDA:9,0,55,93
BRDA:9,0,56,6
BRDA:9,0,57,5
BRDA:9,0,58,4
BRDA:9,0,59,1
BRDA:9,0,60,92
BRDA:9,0,61,89
BRDA:9,0,62,88
BRDA:9,0,63,87
BRDA:9,0,64,1
BRDA:9,0,65,0
BRDA:9,0,66,0
BRDA:9,0,67,0
BRDA:9,0,68,0
BRDA:9,0,69,1
BRDA:9,0,70,0
BRDA:9,0,71,1
BRDA:9,0,72,1
BRDA:9,0,73,1
BRDA:9,0,74,1
BRDA:9,0,75,1
BRDA:9,0,76,1
BRDA:9,0,77,1
BRDA:9,0,78,0
BRDA:9,0,79,1
BRDA:9,0,80,1
BRDA:9,0,81,1
BRDA:9,0,82,0
BRDA:9,0,83,0
BRDA:9,0,84,1
BRDA:9,0,85,1
BRDA:9,0,86,1
BRDA:9,0,87,0
BRDA:9,0,88,0
BRDA:9,0,89,1
BRDA:9,0,90,0
BRDA:9,0,91,0
BRDA:9,0,92,0
BRDA:9,0,93,0
BRDA:9,0,94,0
BRDA:9,0,95,1
BRDA:9,0,96,0
BRDA:9,0,97,0
BRDA:9,0,98,1
BRDA:9,0,99,0
BRDA:9,0,100,0
BRDA:9,0,101,1
BRDA:9,0,102,1
BRDA:9,0,103,1
BRDA:9,0,104,1
BRDA:9,0,105,1
BRDA:9,0,106,1
BRDA:9,0,107,0
BRDA:9,0,108,0
BRDA:9,0,109,1
BRDA:9,0,110,0
BRDA:9,0,111,1
BRDA:9,0,112,0
BRDA:9,0,113,0
BRDA:9,0,114,1
BRDA:9,0,115,1
BRDA:9,0,116,0
BRDA:9,0,117,0
BRDA:9,0,118,1
BRDA:9,0,119,0
BRDA:9,0,120,1
BRDA:9,0,121,0
BRDA:9,0,122,0
BRDA:9,0,123,1
BRDA:9,0,124,0
BRDA:9,0,125,1
BRDA:9,0,126,0
BRDA:9,0,127,0
BRDA:9,0,128,0
BRDA:9,0,129,1
BRDA:9,0,130,0
BRDA:9,0,131,0
BRDA:9,0,132,0
BRDA:9,0,133,0
BRDA:9,0,134,1
BRDA:9,0,135,0
BRDA:9,0,136,1
BRDA:9,0,137,1
BRDA:9,0,138,1
BRDA:9,0,139,1
BRDA:9,0,140,1
BRDA:9,0,141,1
BRDA:9,0,142,1
BRDA:9,0,143,0
BRDA:9,0,144,1
BRDA:9,0,145,1
BRDA:9,0,146,1
BRDA:9,0,147,0
BRDA:9,0,148,0
BRDA:9,0,149,1
BRDA:9,0,150,1
BRDA:9,0,151,1
BRDA:9,0,152,0
BRDA:9,0,153,0
BRDA:9,0,154,1
BRDA:9,0,155,0
BRDA:9,0,156,0
BRDA:9,0,157,0
BRDA:9,0,158,0
BRDA:9,0,159,0
BRDA:9,0,160,1
BRDA:9,0,161,0
BRDA:9,0,162,0
BRDA:9,0,163,1
BRDA:9,0,164,0
BRDA:9,0,165,0
BRDA:9,0,166,1
BRDA:9,0,167,1
BRDA:9,0,168,1
BRDA:9,0,169,1
BRDA:9,0,170,1
BRDA:9,0,171,1
BRDA:9,0,172,0
BRDA:9,0,173,0
BRDA:9,0,174,1
BRDA:9,0,175,0
BRDA:9,0,176,1
BRDA:9,0,177,0
BRDA:9,0,178,0
BRDA:9,0,179,1
BRDA:9,0,180,1
BRDA:9,0,181,0
BRDA:9,0,182,0
BRDA:9,0,183,1
BRDA:9,0,184,0
BRDA:9,0,185,1
BRDA:9,0,186,0
BRDA:9,0,187,0
BRDA:9,0,188,1
BRDA:9,0,189,0
BRDA:9,0,190,1
BRDA:9,0,191,0
BRDA:9,0,192,0
BRDA:9,0,193,0
BRDA:9,0,194,1
DA:10,1
BRDA:10,0,0,1
BRDA:10,0,1,1
DA:11,1
BRDA:11,0,0,1
BRDA:11,0,1,1
BRDA:11,0,2,1
DA:16,21651
DA:17,10826
DA:18,10825
BRDA:18,0,0,10825
BRDA:18,0,1,1
DA:19,1
DA:20,1
DA:22,10825
BRDA:22,0,0,10825
BRDA:22,0,1,1
DA:23,10824
BRDA:23,0,0,10824
BRDA:23,0,1,2
DA:24,10698
BRDA:24,0,0,10698
BRDA:24,0,1,128
DA:25,10762
BRDA:25,0,0,10762
BRDA:25,0,1,64
DA:26,63
BRDA:26,0,0,1
BRDA:26,0,1,63
DA:27,63
DA:29,10826
DA:30,10826
DA:33,10800
BRDA:33,0,0,540
BRDA:33,0,1,10800
DA:34,4
DA:35,1
DA:36,128
DA:37,128
DA:38,128
DA:39,128
DA:42,3
DA:43,4
DA:46,0
DA:47,28
DA:48,1
DA:49,3
BRDA:49,0,0,1
BRDA:49,0,1,3
DA:52,1
DA:53,1
DA:54,1
DA:55,1
DA:56,1
DA:57,64
BRDA:57,0,0,1
BRDA:57,0,1,64
DA:58,1
DA:59,1
DA:61,1
BRDA:61,0,0,1
BRDA:61,0,1,1
DA:64,1
DA:65,1
DA:66,1
DA:67,8
BRDA:67,0,0,1
BRDA:67,0,1,8
BRDA:67,0,2,1
DA:68,2
BRDA:68,0,0,1
BRDA:68,0,1,2
BRDA:68,0,2,1
DA:69,1
DA:72,1
DA:73,1
DA:74,1
DA:75,1
DA:76,1
DA:79,1
DA:80,1
DA:81,4
BRDA:81,0,0,1
BRDA:81,0,1,4
DA:82,1
DA:83,1
DA:84,1
DA:85,64
BRDA:85,0,0,1
BRDA:85,0,1,64
DA:86,64
DA:87,64
DA:88,64
DA:90,1
DA:91,1
DA:92,1
BRDA:92,0,0,1
BRDA:92,0,1,1
DA:93,1
BRDA:93,0,0,1
BRDA:93,0,1,1
DA:96,1
DA:97,63
BRDA:97,0,0,1
BRDA:97,0,1,63
DA:98,1
BRDA:98,0,0,1
BRDA:98,0,1,1
DA:99,1
DA:100,1
BRF:272
BRH:206
end_of_record
SF:test/unit/tb_szymon_fixed.sv
DA:8,397704
BRDA:8,0,0,1
BRDA:8,0,1,397704
DA:9,3
BRDA:9,0,0,1
BRDA:9,0,1,3
DA:10,58
BRDA:10,0,0,1
BRDA:10,0,1,58
DA:11,66
BRDA:11,0,0,1
BRDA:11,0,1,66
DA:12,67
DA:13,64
BRDA:13,0,0,1
BRDA:13,0,1,64
DA:14,64
DA:15,75
BRDA:15,0,0,1
BRDA:15,0,1,75
DA:16,60
BRDA:16,0,0,1
BRDA:16,0,1,60
DA:17,60
DA:18,4
DA:19,4
BRDA:19,0,0,1
BRDA:19,0,1,4
DA:20,52
DA:21,4
DA:23,3
BRDA:23,0,0,3
BRDA:23,0,1,3
BRDA:23,0,2,3
BRDA:23,0,3,0
BRDA:23,0,4,0
BRDA:23,0,5,0
BRDA:23,0,6,3
BRDA:23,0,7,0
BRDA:23,0,8,0
BRDA:23,0,9,0
BRDA:23,0,10,0
BRDA:23,0,11,3
BRDA:23,0,12,0
BRDA:23,0,13,0
BRDA:23,0,14,0
BRDA:23,0,15,3
BRDA:23,0,16,0
BRDA:23,0,17,3
BRDA:23,0,18,0
BRDA:23,0,19,0
BRDA:23,0,20,3
BRDA:23,0,21,3
BRDA:23,0,22,3
BRDA:23,0,23,3
BRDA:23,0,24,3
BRDA:23,0,25,3
BRDA:23,0,26,3
BRDA:23,0,27,0
BRDA:23,0,28,0
BRDA:23,0,29,0
BRDA:23,0,30,0
BRDA:23,0,31,3
BRDA:23,0,32,0
BRDA:23,0,33,3
BRDA:23,0,34,3
BRDA:23,0,35,3
BRDA:23,0,36,3
BRDA:23,0,37,0
BRDA:23,0,38,0
BRDA:23,0,39,3
BRDA:23,0,40,3
BRDA:23,0,41,3
BRDA:23,0,42,0
BRDA:23,0,43,3
BRDA:23,0,44,0
BRDA:23,0,45,3
BRDA:23,0,46,3
BRDA:23,0,47,3
BRDA:23,0,48,3
BRDA:23,0,49,3
BRDA:23,0,50,0
BRDA:23,0,51,0
BRDA:23,0,52,3
BRDA:23,0,53,3
BRDA:23,0,54,0
BRDA:23,0,55,0
BRDA:23,0,56,0
BRDA:23,0,57,3
BRDA:23,0,58,0
BRDA:23,0,59,3
BRDA:23,0,60,0
BRDA:23,0,61,0
BRDA:23,0,62,3
BRDA:23,0,63,3
DA:29,6186
BRDA:29,0,0,5943
BRDA:29,0,1,6055
BRDA:29,0,2,6000
BRDA:29,0,3,6000
BRDA:29,0,4,5996
BRDA:29,0,5,5995
BRDA:29,0,6,5944
BRDA:29,0,7,5948
BRDA:29,0,8,5950
BRDA:29,0,9,5952
BRDA:29,0,10,5954
BRDA:29,0,11,5937
BRDA:29,0,12,5952
BRDA:29,0,13,5960
BRDA:29,0,14,5957
BRDA:29,0,15,5958
BRDA:29,0,16,5959
BRDA:29,0,17,5962
BRDA:29,0,18,5966
BRDA:29,0,19,5959
BRDA:29,0,20,5969
BRDA:29,0,21,5965
BRDA:29,0,22,5945
BRDA:29,0,23,5967
BRDA:29,0,24,5972
BRDA:29,0,25,6068
BRDA:29,0,26,6010
BRDA:29,0,27,6013
BRDA:29,0,28,6065
BRDA:29,0,29,6062
BRDA:29,0,30,6059
BRDA:29,0,31,6012
BRDA:29,0,32,6178
BRDA:29,0,33,5944
BRDA:29,0,34,6072
BRDA:29,0,35,6184
BRDA:29,0,36,6116
BRDA:29,0,37,6070
BRDA:29,0,38,6124
BRDA:29,0,39,6120
BRDA:29,0,40,5951
BRDA:29,0,41,6008
BRDA:29,0,42,6002
BRDA:29,0,43,6186
BRDA:29,0,44,5998
BRDA:29,0,45,5955
BRDA:29,0,46,5897
BRDA:29,0,47,6064
BRDA:29,0,48,6176
BRDA:29,0,49,6121
BRDA:29,0,50,6008
BRDA:29,0,51,6184
BRDA:29,0,52,6186
BRDA:29,0,53,6119
BRDA:29,0,54,6062
BRDA:29,0,55,5996
BRDA:29,0,56,6055
BRDA:29,0,57,6127
BRDA:29,0,58,6064
BRDA:29,0,59,6179
BRDA:29,0,60,6000
BRDA:29,0,61,5997
BRDA:29,0,62,5999
BRDA:29,0,63,6003
DA:39,397704
DA:41,198852
DA:42,166778
BRDA:42,0,0,32074
BRDA:42,0,1,166778
DA:43,166778
DA:44,166778
DA:45,166778
DA:51,198852
DA:52,170948
BRDA:52,0,0,170948
BRDA:52,0,1,27904
DA:53,27904
DA:60,2
DA:65,2
DA:66,62
DA:67,2
DA:68,2
DA:69,2
DA:70,2
DA:71,2
DA:73,128
BRDA:73,0,0,2
BRDA:73,0,1,128
DA:74,128
DA:75,128
DA:76,128
DA:77,128
DA:79,2
DA:80,2
DA:81,2
DA:82,2
DA:83,2
DA:84,2
DA:85,2
DA:86,2
DA:88,2
DA:89,2
DA:92,2
DA:93,128
BRDA:93,0,0,2
BRDA:93,0,1,128
DA:94,128
DA:95,128
DA:97,128
DA:98,128
DA:99,128
DA:101,2
DA:102,2
DA:103,2
DA:105,2
DA:110,30
DA:112,30
DA:113,30
DA:115,1890
BRDA:115,0,0,30
BRDA:115,0,1,1890
DA:116,1890
DA:117,1890
DA:120,30
DA:121,30
DA:126,1
DA:127,1
DA:129,1
DA:130,44
BRDA:130,0,0,1
BRDA:130,0,1,44
DA:131,44
DA:135,3
BRDA:135,0,0,1
BRDA:135,0,1,3
DA:136,1
DA:137,2
BRDA:137,0,0,1
BRDA:137,0,1,2
DA:138,1
DA:141,1
DA:142,1
DA:143,5
BRDA:143,0,0,1
BRDA:143,0,1,5
DA:144,1
DA:145,1
DA:146,1
DA:147,1
DA:150,1
DA:151,1
DA:153,1
DA:154,1
DA:155,1
DA:156,1
DA:157,1
DA:158,5
BRDA:158,0,0,1
BRDA:158,0,1,5
DA:159,1
DA:160,1
DA:161,1
DA:162,1
DA:163,1
DA:164,1
DA:165,1
DA:166,1
DA:170,7
BRDA:170,0,0,1
BRDA:170,0,1,7
DA:171,28
BRDA:171,0,0,7
BRDA:171,0,1,28
DA:172,28
DA:173,28
DA:174,1792
BRDA:174,0,0,28
BRDA:174,0,1,1792
DA:175,28
DA:176,28
DA:177,28
DA:178,175994
DA:179,175994
DA:180,175994
DA:182,28
DA:183,28
DA:184,28
DA:185,28
DA:186,28
DA:191,1
DA:192,1
DA:193,1
BRF:170
BRH:140
end_of_record
SF:test/unit/tb_szymon_trace_abort.sv
DA:5,79693
BRDA:5,0,0,1
BRDA:5,0,1,49
BRDA:5,0,2,1
BRDA:5,0,3,48
BRDA:5,0,4,1
BRDA:5,0,5,98
BRDA:5,0,6,1
BRDA:5,0,7,6144
BRDA:5,0,8,1
BRDA:5,0,9,1821
BRDA:5,0,10,1
BRDA:5,0,11,94
BRDA:5,0,12,1
BRDA:5,0,13,0
BRDA:5,0,14,1
BRDA:5,0,15,79693
DA:6,96
BRDA:6,0,0,95
BRDA:6,0,1,96
BRDA:6,0,2,95
BRDA:6,0,3,95
BRDA:6,0,4,95
BRDA:6,0,5,96
BRDA:6,0,6,95
BRDA:6,0,7,95
BRDA:6,0,8,96
BRDA:6,0,9,96
BRDA:6,0,10,95
BRDA:6,0,11,95
BRDA:6,0,12,95
BRDA:6,0,13,95
BRDA:6,0,14,95
BRDA:6,0,15,96
BRDA:6,0,16,95
BRDA:6,0,17,96
BRDA:6,0,18,96
BRDA:6,0,19,95
BRDA:6,0,20,95
BRDA:6,0,21,95
BRDA:6,0,22,95
BRDA:6,0,23,96
BRDA:6,0,24,96
BRDA:6,0,25,95
BRDA:6,0,26,96
BRDA:6,0,27,96
BRDA:6,0,28,95
BRDA:6,0,29,95
BRDA:6,0,30,95
BRDA:6,0,31,95
BRDA:6,0,32,95
BRDA:6,0,33,95
BRDA:6,0,34,95
BRDA:6,0,35,95
BRDA:6,0,36,96
BRDA:6,0,37,95
BRDA:6,0,38,95
BRDA:6,0,39,95
BRDA:6,0,40,95
BRDA:6,0,41,95
BRDA:6,0,42,95
BRDA:6,0,43,95
BRDA:6,0,44,96
BRDA:6,0,45,96
BRDA:6,0,46,95
BRDA:6,0,47,95
BRDA:6,0,48,95
BRDA:6,0,49,95
BRDA:6,0,50,95
BRDA:6,0,51,95
BRDA:6,0,52,95
BRDA:6,0,53,95
BRDA:6,0,54,95
BRDA:6,0,55,95
BRDA:6,0,56,96
BRDA:6,0,57,95
BRDA:6,0,58,95
BRDA:6,0,59,95
BRDA:6,0,60,95
BRDA:6,0,61,95
BRDA:6,0,62,96
BRDA:6,0,63,95
BRDA:6,0,64,95
BRDA:6,0,65,96
BRDA:6,0,66,95
BRDA:6,0,67,95
BRDA:6,0,68,95
BRDA:6,0,69,95
BRDA:6,0,70,95
BRDA:6,0,71,96
BRDA:6,0,72,95
BRDA:6,0,73,95
BRDA:6,0,74,96
BRDA:6,0,75,95
BRDA:6,0,76,95
BRDA:6,0,77,95
BRDA:6,0,78,95
BRDA:6,0,79,96
BRDA:6,0,80,96
BRDA:6,0,81,95
BRDA:6,0,82,96
BRDA:6,0,83,95
BRDA:6,0,84,95
BRDA:6,0,85,95
BRDA:6,0,86,95
BRDA:6,0,87,95
BRDA:6,0,88,95
BRDA:6,0,89,95
BRDA:6,0,90,95
BRDA:6,0,91,95
BRDA:6,0,92,96
BRDA:6,0,93,95
BRDA:6,0,94,95
BRDA:6,0,95,95
BRDA:6,0,96,95
BRDA:6,0,97,96
BRDA:6,0,98,95
BRDA:6,0,99,95
BRDA:6,0,100,95
BRDA:6,0,101,96
BRDA:6,0,102,95
BRDA:6,0,103,95
BRDA:6,0,104,95
BRDA:6,0,105,95
BRDA:6,0,106,95
BRDA:6,0,107,96
BRDA:6,0,108,95
BRDA:6,0,109,95
BRDA:6,0,110,96
BRDA:6,0,111,95
BRDA:6,0,112,95
BRDA:6,0,113,95
BRDA:6,0,114,96
BRDA:6,0,115,96
BRDA:6,0,116,96
BRDA:6,0,117,95
BRDA:6,0,118,95
BRDA:6,0,119,96
BRDA:6,0,120,95
BRDA:6,0,121,95
BRDA:6,0,122,95
BRDA:6,0,123,95
BRDA:6,0,124,95
BRDA:6,0,125,95
BRDA:6,0,126,96
BRDA:6,0,127,95
BRDA:6,0,128,1
DA:7,97
BRDA:7,0,0,97
BRDA:7,0,1,96
BRDA:7,0,2,96
BRDA:7,0,3,4
BRDA:7,0,4,0
BRDA:7,0,5,0
DA:12,79693
DA:13,48
DA:14,48
BRDA:14,0,0,48
BRDA:14,0,1,0
DA:15,48
DA:17,49
DA:18,3072
BRDA:18,0,0,49
BRDA:18,0,1,3072
DA:19,3072
DA:20,3072
DA:23,46
DA:24,46
DA:26,48
DA:27,48
DA:28,24
BRDA:28,0,0,24
BRDA:28,0,1,24
DA:29,24
DA:30,24
DA:31,24
DA:33,48
DA:35,24
BRDA:35,0,0,24
BRDA:35,0,1,24
DA:36,24
DA:37,24
DA:38,24
DA:40,96
BRDA:40,0,0,48
BRDA:40,0,1,96
DA:41,48
DA:43,1
DA:44,1
DA:45,1
DA:46,3
BRDA:46,0,0,1
BRDA:46,0,1,2
BRDA:46,0,2,3
DA:49,1
DA:50,1
DA:51,4
BRDA:51,0,0,1
BRDA:51,0,1,4
DA:52,1
DA:53,1
BRDA:53,0,0,1
BRDA:53,0,1,1
DA:54,4
BRDA:54,0,0,1
BRDA:54,0,1,4
DA:55,1
DA:56,1
DA:59,1
DA:61,1
DA:62,5
BRDA:62,0,0,1
BRDA:62,0,1,5
BRDA:62,0,2,5
DA:63,1
DA:64,1
DA:65,44
BRDA:65,0,0,1
BRDA:65,0,1,44
DA:66,1408
BRDA:66,0,0,44
BRDA:66,0,1,1408
DA:67,22
DA:68,22
DA:70,22
DA:72,44
DA:76,1
DA:78,1
DA:79,1
DA:82,44
BRDA:82,0,0,1
BRDA:82,0,1,44
DA:83,44
DA:84,30580
BRDA:84,0,0,44
BRDA:84,0,1,30580
DA:85,44
DA:86,44
DA:90,1
DA:91,1408
BRDA:91,0,0,1
BRDA:91,0,1,1408
DA:92,1
DA:93,3
BRDA:93,0,0,1
BRDA:93,0,1,3
DA:94,1
BRF:185
BRH:181
end_of_record
SF:test/unit/tb_timebase_params.sv
DA:3,2003
BRDA:3,0,0,1
BRDA:3,0,1,2
BRDA:3,0,2,1
BRDA:3,0,3,2003
DA:4,124
BRDA:4,0,0,124
BRDA:4,0,1,124
BRDA:4,0,2,124
BRDA:4,0,3,20
BRDA:4,0,4,8
BRDA:4,0,5,2
DA:5,1
BRDA:5,0,0,1
BRDA:5,0,1,1
BRDA:5,0,2,1
BRDA:5,0,3,1
BRDA:5,0,4,1
BRDA:5,0,5,1
BRDA:5,0,6,1
DA:6,124
BRDA:6,0,0,1
BRDA:6,0,1,124
BRDA:6,0,2,1
BRDA:6,0,3,124
BRDA:6,0,4,1
BRDA:6,0,5,20
BRDA:6,0,6,1
BRDA:6,0,7,7
BRDA:6,0,8,1
BRDA:6,0,9,1
BRDA:6,0,10,1
BRDA:6,0,11,124
DA:10,2003
DA:11,1002
BRDA:11,0,0,1000
BRDA:11,0,1,2
BRDA:11,0,2,1002
DA:12,1000
DA:13,1000
DA:15,938
BRDA:15,0,0,938
BRDA:15,0,1,62
BRDA:15,0,2,938
BRDA:15,0,3,62
DA:16,990
BRDA:16,0,0,938
BRDA:16,0,1,10
BRDA:16,0,2,990
BRDA:16,0,3,62
DA:17,999
BRDA:17,0,0,996
BRDA:17,0,1,1
BRDA:17,0,2,999
BRDA:17,0,3,4
DA:18,1000
DA:19,1000
DA:21,1
DA:22,2
BRDA:22,0,0,1
BRDA:22,0,1,2
DA:23,1000
BRDA:23,0,0,1
BRDA:23,0,1,1000
DA:24,1
DA:25,1
DA:26,1
DA:27,1
BRDA:27,0,0,1
BRDA:27,0,1,1
DA:28,1
BRF:50
BRH:50
end_of_record
